[0.125s] Invoking command in 'C:\Users\Asus\Documents\Git\qlmRos2_homework\build\cpp_pubsub': CL=/MP C:\Program Files\CMake\bin\cmake.EXE --build C:\Users\Asus\Documents\Git\qlmRos2_homework\build\cpp_pubsub --config Release
[0.266s] MSBuild version 17.11.9+a69bbaaf5 for .NET Framework
[0.562s] 
[1.797s]   1>Checking Build System
[2.031s]   Building Custom Rule C:/Users/Asus/Documents/Git/qlmRos2_homework/src/cpp_pubsub/CMakeLists.txt
[2.250s]   division_node.cpp
[8.719s]   division_node.vcxproj -> C:\Users\Asus\Documents\Git\qlmRos2_homework\build\cpp_pubsub\Release\division_node.exe
[8.828s]   Building Custom Rule C:/Users/Asus/Documents/Git/qlmRos2_homework/src/cpp_pubsub/CMakeLists.txt
[8.906s]   listener.vcxproj -> C:\Users\Asus\Documents\Git\qlmRos2_homework\build\cpp_pubsub\Release\listener.exe
[9.016s]   Building Custom Rule C:/Users/Asus/Documents/Git/qlmRos2_homework/src/cpp_pubsub/CMakeLists.txt
[9.094s]   talker.vcxproj -> C:\Users\Asus\Documents\Git\qlmRos2_homework\build\cpp_pubsub\Release\talker.exe
[9.156s]   Building Custom Rule C:/Users/Asus/Documents/Git/qlmRos2_homework/src/cpp_pubsub/CMakeLists.txt
[9.281s] Invoked command in 'C:\Users\Asus\Documents\Git\qlmRos2_homework\build\cpp_pubsub' returned '0': CL=/MP C:\Program Files\CMake\bin\cmake.EXE --build C:\Users\Asus\Documents\Git\qlmRos2_homework\build\cpp_pubsub --config Release
[9.312s] Invoking command in 'C:\Users\Asus\Documents\Git\qlmRos2_homework\build\cpp_pubsub': C:\Program Files\CMake\bin\cmake.EXE --install C:\Users\Asus\Documents\Git\qlmRos2_homework\build\cpp_pubsub --config Release
[9.328s] -- Up-to-date: C:/Users/Asus/Documents/Git/qlmRos2_homework/install/cpp_pubsub/lib/cpp_pubsub/talker.exe
[9.328s] -- Up-to-date: C:/Users/Asus/Documents/Git/qlmRos2_homework/install/cpp_pubsub/lib/cpp_pubsub/listener.exe
[9.328s] -- Installing: C:/Users/Asus/Documents/Git/qlmRos2_homework/install/cpp_pubsub/lib/cpp_pubsub/division_node.exe
[9.328s] -- Up-to-date: C:/Users/Asus/Documents/Git/qlmRos2_homework/install/cpp_pubsub/share/ament_index/resource_index/package_run_dependencies/cpp_pubsub
[9.328s] -- Up-to-date: C:/Users/Asus/Documents/Git/qlmRos2_homework/install/cpp_pubsub/share/ament_index/resource_index/parent_prefix_path/cpp_pubsub
[9.328s] -- Up-to-date: C:/Users/Asus/Documents/Git/qlmRos2_homework/install/cpp_pubsub/share/cpp_pubsub/environment/ament_prefix_path.bat
[9.328s] -- Up-to-date: C:/Users/Asus/Documents/Git/qlmRos2_homework/install/cpp_pubsub/share/cpp_pubsub/environment/ament_prefix_path.dsv
[9.328s] -- Up-to-date: C:/Users/Asus/Documents/Git/qlmRos2_homework/install/cpp_pubsub/share/cpp_pubsub/environment/path.bat
[9.328s] -- Up-to-date: C:/Users/Asus/Documents/Git/qlmRos2_homework/install/cpp_pubsub/share/cpp_pubsub/environment/path.dsv
[9.328s] -- Up-to-date: C:/Users/Asus/Documents/Git/qlmRos2_homework/install/cpp_pubsub/share/cpp_pubsub/local_setup.bat
[9.328s] -- Up-to-date: C:/Users/Asus/Documents/Git/qlmRos2_homework/install/cpp_pubsub/share/cpp_pubsub/local_setup.dsv
[9.328s] -- Installing: C:/Users/Asus/Documents/Git/qlmRos2_homework/install/cpp_pubsub/share/cpp_pubsub/package.dsv
[9.328s] -- Up-to-date: C:/Users/Asus/Documents/Git/qlmRos2_homework/install/cpp_pubsub/share/ament_index/resource_index/packages/cpp_pubsub
[9.328s] -- Up-to-date: C:/Users/Asus/Documents/Git/qlmRos2_homework/install/cpp_pubsub/share/cpp_pubsub/cmake/cpp_pubsubConfig.cmake
[9.328s] -- Up-to-date: C:/Users/Asus/Documents/Git/qlmRos2_homework/install/cpp_pubsub/share/cpp_pubsub/cmake/cpp_pubsubConfig-version.cmake
[9.344s] -- Up-to-date: C:/Users/Asus/Documents/Git/qlmRos2_homework/install/cpp_pubsub/share/cpp_pubsub/package.xml
[9.344s] Invoked command in 'C:\Users\Asus\Documents\Git\qlmRos2_homework\build\cpp_pubsub' returned '0': C:\Program Files\CMake\bin\cmake.EXE --install C:\Users\Asus\Documents\Git\qlmRos2_homework\build\cpp_pubsub --config Release
