[0.125s] Invoking command in 'C:\Users\Asus\Documents\Git\qlmRos2_homework\build\cpp_pubsub': CL=/MP C:\Program Files\CMake\bin\cmake.EXE --build C:\Users\Asus\Documents\Git\qlmRos2_homework\build\cpp_pubsub --config Release
[0.266s] MSBuild version 17.11.9+a69bbaaf5 for .NET Framework
[0.579s] 
[1.860s]   1>Checking Build System
[2.094s]   Building Custom Rule C:/Users/Asus/Documents/Git/qlmRos2_homework/src/cpp_pubsub/CMakeLists.txt
[2.313s]   division_node.cpp
[9.047s]   division_node.vcxproj -> C:\Users\Asus\Documents\Git\qlmRos2_homework\build\cpp_pubsub\Release\division_node.exe
[9.172s]   Building Custom Rule C:/Users/Asus/Documents/Git/qlmRos2_homework/src/cpp_pubsub/CMakeLists.txt
[9.250s]   listener.vcxproj -> C:\Users\Asus\Documents\Git\qlmRos2_homework\build\cpp_pubsub\Release\listener.exe
[9.344s]   Building Custom Rule C:/Users/Asus/Documents/Git/qlmRos2_homework/src/cpp_pubsub/CMakeLists.txt
[9.422s]   talker.vcxproj -> C:\Users\Asus\Documents\Git\qlmRos2_homework\build\cpp_pubsub\Release\talker.exe
[9.500s]   Building Custom Rule C:/Users/Asus/Documents/Git/qlmRos2_homework/src/cpp_pubsub/CMakeLists.txt
[9.625s] Invoked command in 'C:\Users\Asus\Documents\Git\qlmRos2_homework\build\cpp_pubsub' returned '0': CL=/MP C:\Program Files\CMake\bin\cmake.EXE --build C:\Users\Asus\Documents\Git\qlmRos2_homework\build\cpp_pubsub --config Release
[9.657s] Invoking command in 'C:\Users\Asus\Documents\Git\qlmRos2_homework\build\cpp_pubsub': C:\Program Files\CMake\bin\cmake.EXE --install C:\Users\Asus\Documents\Git\qlmRos2_homework\build\cpp_pubsub --config Release
[9.672s] -- Up-to-date: C:/Users/Asus/Documents/Git/qlmRos2_homework/install/cpp_pubsub/lib/cpp_pubsub/talker.exe
[9.672s] -- Up-to-date: C:/Users/Asus/Documents/Git/qlmRos2_homework/install/cpp_pubsub/lib/cpp_pubsub/listener.exe
[9.672s] -- Installing: C:/Users/Asus/Documents/Git/qlmRos2_homework/install/cpp_pubsub/lib/cpp_pubsub/division_node.exe
[9.672s] -- Up-to-date: C:/Users/Asus/Documents/Git/qlmRos2_homework/install/cpp_pubsub/share/ament_index/resource_index/package_run_dependencies/cpp_pubsub
[9.672s] -- Up-to-date: C:/Users/Asus/Documents/Git/qlmRos2_homework/install/cpp_pubsub/share/ament_index/resource_index/parent_prefix_path/cpp_pubsub
[9.672s] -- Up-to-date: C:/Users/Asus/Documents/Git/qlmRos2_homework/install/cpp_pubsub/share/cpp_pubsub/environment/ament_prefix_path.bat
[9.672s] -- Up-to-date: C:/Users/Asus/Documents/Git/qlmRos2_homework/install/cpp_pubsub/share/cpp_pubsub/environment/ament_prefix_path.dsv
[9.672s] -- Up-to-date: C:/Users/Asus/Documents/Git/qlmRos2_homework/install/cpp_pubsub/share/cpp_pubsub/environment/path.bat
[9.672s] -- Up-to-date: C:/Users/Asus/Documents/Git/qlmRos2_homework/install/cpp_pubsub/share/cpp_pubsub/environment/path.dsv
[9.672s] -- Up-to-date: C:/Users/Asus/Documents/Git/qlmRos2_homework/install/cpp_pubsub/share/cpp_pubsub/local_setup.bat
[9.672s] -- Up-to-date: C:/Users/Asus/Documents/Git/qlmRos2_homework/install/cpp_pubsub/share/cpp_pubsub/local_setup.dsv
[9.672s] -- Installing: C:/Users/Asus/Documents/Git/qlmRos2_homework/install/cpp_pubsub/share/cpp_pubsub/package.dsv
[9.672s] -- Up-to-date: C:/Users/Asus/Documents/Git/qlmRos2_homework/install/cpp_pubsub/share/ament_index/resource_index/packages/cpp_pubsub
[9.672s] -- Up-to-date: C:/Users/Asus/Documents/Git/qlmRos2_homework/install/cpp_pubsub/share/cpp_pubsub/cmake/cpp_pubsubConfig.cmake
[9.688s] -- Up-to-date: C:/Users/Asus/Documents/Git/qlmRos2_homework/install/cpp_pubsub/share/cpp_pubsub/cmake/cpp_pubsubConfig-version.cmake
[9.688s] -- Up-to-date: C:/Users/Asus/Documents/Git/qlmRos2_homework/install/cpp_pubsub/share/cpp_pubsub/package.xml
[9.688s] Invoked command in 'C:\Users\Asus\Documents\Git\qlmRos2_homework\build\cpp_pubsub' returned '0': C:\Program Files\CMake\bin\cmake.EXE --install C:\Users\Asus\Documents\Git\qlmRos2_homework\build\cpp_pubsub --config Release
