[0.031s] Invoking command in 'C:\Users\Asus\Documents\Git\qlmRos2_homework\build\cpp_pubsub': C:\Program Files\CMake\bin\cmake.EXE C:\Users\Asus\Documents\Git\qlmRos2_homework\src\cpp_pubsub -DCMAKE_INSTALL_PREFIX=C:\Users\Asus\Documents\Git\qlmRos2_homework\install\cpp_pubsub
[0.047s] -- Selecting Windows SDK version 10.0.19041.0 to target Windows 10.0.19045.
[0.188s] CMake Error at CMakeLists.txt:9 (find_package):
[0.188s]   By not providing "Findament_cmake.cmake" in CMAKE_MODULE_PATH this project
[0.188s]   has asked CMake to find a package configuration file provided by
[0.188s]   "ament_cmake", but CMake did not find one.
[0.188s] 
[0.188s]   Could not find a package configuration file provided by "ament_cmake" with
[0.188s]   any of the following names:
[0.188s] 
[0.188s]     ament_cmakeConfig.cmake
[0.188s]     ament_cmake-config.cmake
[0.188s] 
[0.188s]   Add the installation prefix of "ament_cmake" to CMAKE_PREFIX_PATH or set
[0.188s]   "ament_cmake_DIR" to a directory containing one of the above files.  If
[0.188s]   "ament_cmake" provides a separate development package or SDK, be sure it
[0.188s]   has been installed.
[0.188s] 
[0.188s] 
[0.188s] -- Configuring incomplete, errors occurred!
[0.188s] Invoked command in 'C:\Users\Asus\Documents\Git\qlmRos2_homework\build\cpp_pubsub' returned '1': C:\Program Files\CMake\bin\cmake.EXE C:\Users\Asus\Documents\Git\qlmRos2_homework\src\cpp_pubsub -DCMAKE_INSTALL_PREFIX=C:\Users\Asus\Documents\Git\qlmRos2_homework\install\cpp_pubsub
