[0.000000] (-) TimerEvent: {}
[0.016000] (cpp_pubsub) JobQueued: {'identifier': 'cpp_pubsub', 'dependencies': OrderedDict()}
[0.016000] (cpp_pubsub) JobStarted: {'identifier': 'cpp_pubsub'}
[0.109000] (-) TimerEvent: {}
[0.125000] (cpp_pubsub) JobProgress: {'identifier': 'cpp_pubsub', 'progress': 'cmake'}
[0.125000] (cpp_pubsub) JobProgress: {'identifier': 'cpp_pubsub', 'progress': 'build'}
[0.125000] (cpp_pubsub) Command: {'cmd': ['C:\\Program Files\\CMake\\bin\\cmake.EXE', '--build', 'C:\\Users\\Asus\\Documents\\Git\\qlmRos2_homework\\build\\cpp_pubsub', '--config', 'Release'], 'cwd': 'C:\\Users\\Asus\\Documents\\Git\\qlmRos2_homework\\build\\cpp_pubsub', 'env': {'ACSetupSvcPort': '23210', 'ACSvcPort': '17532', 'ALLUSERSPROFILE': 'C:\\ProgramData', 'AMENT_PREFIX_PATH': 'C:\\Users\\Asus\\Documents\\Git\\qlmRos2_homework\\install\\cpp_pubsub;C:\\dev\\ros2_humble', 'APPDATA': 'C:\\Users\\Asus\\AppData\\Roaming', 'ChocolateyInstall': 'C:\\ProgramData\\chocolatey', 'ChocolateyLastPathUpdate': '133729715370722064', 'CMAKE_PREFIX_PATH': 'C:\\Users\\Asus\\Documents\\Git\\qlmRos2_homework\\install\\cpp_pubsub;C:\\dev\\ros2_humble', 'COLCON': '1', 'COLCON_PREFIX_PATH': 'C:\\Users\\Asus\\Documents\\Git\\qlmRos2_homework\\install\\;C:\\dev\\ros2_humble\\', 'CommandPromptType': 'Native', 'CommonProgramFiles': 'C:\\Program Files\\Common Files', 'CommonProgramFiles(x86)': 'C:\\Program Files (x86)\\Common Files', 'CommonProgramW6432': 'C:\\Program Files\\Common Files', 'COMPUTERNAME': 'DESKTOP-IT0HKPR', 'ComSpec': 'C:\\Windows\\system32\\cmd.exe', 'DevEnvDir': 'C:\\Program Files\\Microsoft Visual Studio\\2022\\Community\\Common7\\IDE\\', 'DriverData': 'C:\\Windows\\System32\\Drivers\\DriverData', 'ExtensionSdkDir': 'C:\\Program Files (x86)\\Microsoft SDKs\\Windows Kits\\10\\ExtensionSDKs', 'EXTERNAL_INCLUDE': 'C:\\Program Files\\Microsoft Visual Studio\\2022\\Community\\VC\\Tools\\MSVC\\14.41.34120\\include;C:\\Program Files\\Microsoft Visual Studio\\2022\\Community\\VC\\Tools\\MSVC\\14.41.34120\\ATLMFC\\include;C:\\Program Files\\Microsoft Visual Studio\\2022\\Community\\VC\\Auxiliary\\VS\\include;C:\\Program Files (x86)\\Windows Kits\\10\\include\\10.0.19041.0\\ucrt;C:\\Program Files (x86)\\Windows Kits\\10\\\\include\\10.0.19041.0\\\\um;C:\\Program Files (x86)\\Windows Kits\\10\\\\include\\10.0.19041.0\\\\shared;C:\\Program Files (x86)\\Windows Kits\\10\\\\include\\10.0.19041.0\\\\winrt;C:\\Program Files (x86)\\Windows Kits\\10\\\\include\\10.0.19041.0\\\\cppwinrt;C:\\Program Files (x86)\\Windows Kits\\NETFXSDK\\4.8\\include\\um', 'Framework40Version': 'v4.0', 'FrameworkDir': 'C:\\Windows\\Microsoft.NET\\Framework\\', 'FrameworkDir32': 'C:\\Windows\\Microsoft.NET\\Framework\\', 'FrameworkVersion': 'v4.0.30319', 'FrameworkVersion32': 'v4.0.30319', 'FSHARPINSTALLDIR': 'C:\\Program Files\\Microsoft Visual Studio\\2022\\Community\\Common7\\IDE\\CommonExtensions\\Microsoft\\FSharp\\Tools', 'HOMEDRIVE': 'C:', 'HOMEPATH': '\\Users\\Asus', 'INCLUDE': 'C:\\Program Files\\Microsoft Visual Studio\\2022\\Community\\VC\\Tools\\MSVC\\14.41.34120\\include;C:\\Program Files\\Microsoft Visual Studio\\2022\\Community\\VC\\Tools\\MSVC\\14.41.34120\\ATLMFC\\include;C:\\Program Files\\Microsoft Visual Studio\\2022\\Community\\VC\\Auxiliary\\VS\\include;C:\\Program Files (x86)\\Windows Kits\\10\\include\\10.0.19041.0\\ucrt;C:\\Program Files (x86)\\Windows Kits\\10\\\\include\\10.0.19041.0\\\\um;C:\\Program Files (x86)\\Windows Kits\\10\\\\include\\10.0.19041.0\\\\shared;C:\\Program Files (x86)\\Windows Kits\\10\\\\include\\10.0.19041.0\\\\winrt;C:\\Program Files (x86)\\Windows Kits\\10\\\\include\\10.0.19041.0\\\\cppwinrt;C:\\Program Files (x86)\\Windows Kits\\NETFXSDK\\4.8\\include\\um', 'LIB': 'C:\\Program Files\\Microsoft Visual Studio\\2022\\Community\\VC\\Tools\\MSVC\\14.41.34120\\ATLMFC\\lib\\x86;C:\\Program Files\\Microsoft Visual Studio\\2022\\Community\\VC\\Tools\\MSVC\\14.41.34120\\lib\\x86;C:\\Program Files (x86)\\Windows Kits\\NETFXSDK\\4.8\\lib\\um\\x86;C:\\Program Files (x86)\\Windows Kits\\10\\lib\\10.0.19041.0\\ucrt\\x86;C:\\Program Files (x86)\\Windows Kits\\10\\\\lib\\10.0.19041.0\\\\um\\x86', 'LIBPATH': 'C:\\Program Files\\Microsoft Visual Studio\\2022\\Community\\VC\\Tools\\MSVC\\14.41.34120\\ATLMFC\\lib\\x86;C:\\Program Files\\Microsoft Visual Studio\\2022\\Community\\VC\\Tools\\MSVC\\14.41.34120\\lib\\x86;C:\\Program Files\\Microsoft Visual Studio\\2022\\Community\\VC\\Tools\\MSVC\\14.41.34120\\lib\\x86\\store\\references;C:\\Program Files (x86)\\Windows Kits\\10\\UnionMetadata\\10.0.19041.0;C:\\Program Files (x86)\\Windows Kits\\10\\References\\10.0.19041.0;C:\\Windows\\Microsoft.NET\\Framework\\v4.0.30319', 'LOCALAPPDATA': 'C:\\Users\\Asus\\AppData\\Local', 'LOGONSERVER': '\\\\DESKTOP-IT0HKPR', 'NETFXSDKDir': 'C:\\Program Files (x86)\\Windows Kits\\NETFXSDK\\4.8\\', 'NUMBER_OF_PROCESSORS': '16', 'OMP_NUM_THREADS': '16', 'OneDrive': 'C:\\Users\\Asus\\OneDrive', 'OpenCV_DIR': 'C:\\opencv', 'OPENSSL_CONF': 'C:\\Program Files\\OpenSSL-Win64\\bin\\openssl.cfg', 'OS': 'Windows_NT', 'Path': 'C:\\dev\\ros2_humble\\opt\\yaml_cpp_vendor\\bin;C:\\dev\\ros2_humble\\opt\\rviz_ogre_vendor\\bin;C:\\dev\\ros2_humble\\opt\\rviz_assimp_vendor\\bin;C:\\dev\\ros2_humble\\opt\\libcurl_vendor\\bin;C:\\dev\\ros2_humble\\Scripts;C:\\dev\\ros2_humble\\bin;C:\\Program Files\\Microsoft Visual Studio\\2022\\Community\\VC\\Tools\\MSVC\\14.41.34120\\bin\\HostX86\\x86;C:\\Program Files\\Microsoft Visual Studio\\2022\\Community\\Common7\\IDE\\VC\\VCPackages;C:\\Program Files\\Microsoft Visual Studio\\2022\\Community\\Common7\\IDE\\CommonExtensions\\Microsoft\\TestWindow;C:\\Program Files\\Microsoft Visual Studio\\2022\\Community\\Common7\\IDE\\CommonExtensions\\Microsoft\\TeamFoundation\\Team Explorer;C:\\Program Files\\Microsoft Visual Studio\\2022\\Community\\MSBuild\\Current\\bin\\Roslyn;C:\\Program Files (x86)\\Microsoft SDKs\\Windows\\v10.0A\\bin\\NETFX 4.8 Tools\\;C:\\Program Files\\Microsoft Visual Studio\\2022\\Community\\Common7\\IDE\\CommonExtensions\\Microsoft\\FSharp\\Tools;C:\\Program Files\\Microsoft Visual Studio\\2022\\Community\\Team Tools\\DiagnosticsHub\\Collector;C:\\Program Files (x86)\\Windows Kits\\10\\bin\\10.0.19041.0\\\\x86;C:\\Program Files (x86)\\Windows Kits\\10\\bin\\\\x86;C:\\Program Files\\Microsoft Visual Studio\\2022\\Community\\\\MSBuild\\Current\\Bin\\amd64;C:\\Windows\\Microsoft.NET\\Framework\\v4.0.30319;C:\\Program Files\\Microsoft Visual Studio\\2022\\Community\\Common7\\IDE\\;C:\\Program Files\\Microsoft Visual Studio\\2022\\Community\\Common7\\Tools\\;C:\\Python38\\Scripts\\;C:\\Python38\\;C:\\Windows\\system32;C:\\Windows;C:\\Windows\\System32\\Wbem;C:\\Windows\\System32\\WindowsPowerShell\\v1.0\\;C:\\Windows\\System32\\OpenSSH\\;C:\\Program Files\\NVIDIA Corporation\\NVIDIA NvDLISR;C:\\Program Files (x86)\\NVIDIA Corporation\\PhysX\\Common;C:\\Program Files\\dotnet\\;C:\\Program Files\\Microsoft SQL Server\\150\\Tools\\Binn\\;C:\\Program Files\\Microsoft SQL Server\\Client SDK\\ODBC\\170\\Tools\\Binn\\;C:\\Program Files\\Microsoft SQL Server\\120\\Tools\\Binn\\;C:\\ProgramData\\chocolatey\\bin;C:\\Program Files\\CMake\\bin;C:\\ProgramData\\chocolatey\\lib\\tinyxml2\\lib;C:\\ProgramData\\chocolatey\\lib\\bullet\\lib;C:\\ProgramData\\chocolatey\\lib\\cunit\\lib;C:\\Program Files\\Graphviz\\bin;C:\\Program Files\\Cppcheck;C:\\Program Files\\Git\\cmd;C:\\Program Files\\OpenSSL-Win64\\bin\\;C:\\Users\\Asus\\AppData\\Local\\Programs\\Python\\Launcher\\;C:\\Users\\Asus\\AppData\\Local\\Microsoft\\WindowsApps;C:\\Users\\Asus\\AppData\\Local\\GitHubDesktop\\bin;C:\\Program Files\\OpenSSL-Win64\\bin;C:\\Users\\Asus\\.dotnet\\tools;C:\\Users\\Asus\\AppData\\Local\\Programs\\Microsoft VS Code\\bin;C:\\Program Files\\Microsoft Visual Studio\\2022\\Community\\Common7\\IDE\\VC\\Linux\\bin\\ConnectionManagerExe', 'PATHEXT': '.COM;.EXE;.BAT;.CMD;.VBS;.VBE;.JS;.JSE;.WSF;.WSH;.MSC;.PY;.PYW', 'PKG_CONFIG_PATH': 'C:\\dev\\ros2_humble\\lib\\pkgconfig', 'PROCESSOR_ARCHITECTURE': 'AMD64', 'PROCESSOR_IDENTIFIER': 'AMD64 Family 25 Model 68 Stepping 1, AuthenticAMD', 'PROCESSOR_LEVEL': '25', 'PROCESSOR_REVISION': '4401', 'ProgramData': 'C:\\ProgramData', 'ProgramFiles': 'C:\\Program Files', 'ProgramFiles(x86)': 'C:\\Program Files (x86)', 'ProgramW6432': 'C:\\Program Files', 'PROMPT': '$P$G', 'PSModulePath': 'C:\\Program Files\\WindowsPowerShell\\Modules;C:\\Windows\\system32\\WindowsPowerShell\\v1.0\\Modules', 'PUBLIC': 'C:\\Users\\Public', 'PYTHONPATH': 'C:\\ci\\ws\\install\\lib\\python3.8\\dist-packages;C:\\dev\\ros2_humble\\Lib\\site-packages', 'RlsSvcPort': '22112', 'ROS_DISTRO': 'humble', 'ROS_LOCALHOST_ONLY': '0', 'ROS_PYTHON_VERSION': '3', 'ROS_VERSION': '2', 'SESSIONNAME': 'Console', 'SystemDrive': 'C:', 'SystemRoot': 'C:\\Windows', 'TEMP': 'C:\\Users\\Asus\\AppData\\Local\\Temp', 'TMP': 'C:\\Users\\Asus\\AppData\\Local\\Temp', 'UCRTVersion': '10.0.19041.0', 'UniversalCRTSdkDir': 'C:\\Program Files (x86)\\Windows Kits\\10\\', 'USERDOMAIN': 'DESKTOP-IT0HKPR', 'USERDOMAIN_ROAMINGPROFILE': 'DESKTOP-IT0HKPR', 'USERNAME': 'Asus', 'USERPROFILE': 'C:\\Users\\Asus', 'VCIDEInstallDir': 'C:\\Program Files\\Microsoft Visual Studio\\2022\\Community\\Common7\\IDE\\VC\\', 'VCINSTALLDIR': 'C:\\Program Files\\Microsoft Visual Studio\\2022\\Community\\VC\\', 'VCToolsInstallDir': 'C:\\Program Files\\Microsoft Visual Studio\\2022\\Community\\VC\\Tools\\MSVC\\14.41.34120\\', 'VCToolsRedistDir': 'C:\\Program Files\\Microsoft Visual Studio\\2022\\Community\\VC\\Redist\\MSVC\\14.40.33807\\', 'VCToolsVersion': '14.41.34120', 'VisualStudioVersion': '17.0', 'VS170COMNTOOLS': 'C:\\Program Files\\Microsoft Visual Studio\\2022\\Community\\Common7\\Tools\\', 'VSCMD_ARG_app_plat': 'Desktop', 'VSCMD_ARG_HOST_ARCH': 'x86', 'VSCMD_ARG_TGT_ARCH': 'x86', 'VSCMD_VER': '17.11.4', 'VSINSTALLDIR': 'C:\\Program Files\\Microsoft Visual Studio\\2022\\Community\\', 'VSSDK150INSTALL': 'C:\\Program Files\\Microsoft Visual Studio\\2022\\Community\\VSSDK', 'VSSDKINSTALL': 'C:\\Program Files\\Microsoft Visual Studio\\2022\\Community\\VSSDK', 'windir': 'C:\\Windows', 'WindowsLibPath': 'C:\\Program Files (x86)\\Windows Kits\\10\\UnionMetadata\\10.0.19041.0;C:\\Program Files (x86)\\Windows Kits\\10\\References\\10.0.19041.0', 'WindowsSdkBinPath': 'C:\\Program Files (x86)\\Windows Kits\\10\\bin\\', 'WindowsSdkDir': 'C:\\Program Files (x86)\\Windows Kits\\10\\', 'WindowsSDKLibVersion': '10.0.19041.0\\', 'WindowsSdkVerBinPath': 'C:\\Program Files (x86)\\Windows Kits\\10\\bin\\10.0.19041.0\\', 'WindowsSDKVersion': '10.0.19041.0\\', 'WindowsSDK_ExecutablePath_x64': 'C:\\Program Files (x86)\\Microsoft SDKs\\Windows\\v10.0A\\bin\\NETFX 4.8 Tools\\x64\\', 'WindowsSDK_ExecutablePath_x86': 'C:\\Program Files (x86)\\Microsoft SDKs\\Windows\\v10.0A\\bin\\NETFX 4.8 Tools\\', '__DOTNET_ADD_32BIT': '1', '__DOTNET_PREFERRED_BITNESS': '32', '__VSCMD_PREINIT_PATH': 'C:\\Python38\\Scripts\\;C:\\Python38\\;C:\\Windows\\system32;C:\\Windows;C:\\Windows\\System32\\Wbem;C:\\Windows\\System32\\WindowsPowerShell\\v1.0\\;C:\\Windows\\System32\\OpenSSH\\;C:\\Program Files\\NVIDIA Corporation\\NVIDIA NvDLISR;C:\\Program Files (x86)\\NVIDIA Corporation\\PhysX\\Common;C:\\Program Files\\dotnet\\;C:\\Program Files\\Microsoft SQL Server\\150\\Tools\\Binn\\;C:\\Program Files\\Microsoft SQL Server\\Client SDK\\ODBC\\170\\Tools\\Binn\\;C:\\Program Files\\Microsoft SQL Server\\120\\Tools\\Binn\\;C:\\ProgramData\\chocolatey\\bin;C:\\Program Files\\CMake\\bin;C:\\ProgramData\\chocolatey\\lib\\tinyxml2\\lib;C:\\ProgramData\\chocolatey\\lib\\bullet\\lib;C:\\ProgramData\\chocolatey\\lib\\cunit\\lib;C:\\Program Files\\Graphviz\\bin;C:\\Program Files\\Cppcheck;C:\\Program Files\\Git\\cmd;C:\\Program Files\\OpenSSL-Win64\\bin\\;C:\\Users\\Asus\\AppData\\Local\\Programs\\Python\\Launcher\\;C:\\Users\\Asus\\AppData\\Local\\Microsoft\\WindowsApps;C:\\Users\\Asus\\AppData\\Local\\GitHubDesktop\\bin;C:\\Program Files\\OpenSSL-Win64\\bin;C:\\Users\\Asus\\.dotnet\\tools;C:\\Users\\Asus\\AppData\\Local\\Programs\\Microsoft VS Code\\bin', 'CL': '/MP'}, 'shell': False}
[0.156000] (cpp_pubsub) StdoutLine: {'line': b'CMake is re-running because C:/Users/Asus/Documents/Git/qlmRos2_homework/build/cpp_pubsub/CMakeFiles/generate.stamp is out-of-date.\n'}
[0.156000] (cpp_pubsub) StdoutLine: {'line': b"  the file 'C:/Users/Asus/Documents/Git/qlmRos2_homework/src/cpp_pubsub/CMakeLists.txt'\n"}
[0.156000] (cpp_pubsub) StdoutLine: {'line': b"  is newer than 'C:/Users/Asus/Documents/Git/qlmRos2_homework/build/cpp_pubsub/CMakeFiles/generate.stamp.depend'\n"}
[0.156000] (cpp_pubsub) StdoutLine: {'line': b"  result='-1'\n"}
[0.156000] (cpp_pubsub) StdoutLine: {'line': b'-- Selecting Windows SDK version 10.0.19041.0 to target Windows 10.0.19045.\n'}
[0.188000] (cpp_pubsub) StdoutLine: {'line': b'-- Found ament_cmake: 1.3.10 (C:/dev/ros2_humble/share/ament_cmake/cmake)\n'}
[0.219000] (-) TimerEvent: {}
[0.328000] (-) TimerEvent: {}
[0.438000] (-) TimerEvent: {}
[0.547000] (-) TimerEvent: {}
[0.656000] (-) TimerEvent: {}
[0.719000] (cpp_pubsub) StdoutLine: {'line': b'-- Found rclcpp: 16.0.10 (C:/dev/ros2_humble/share/rclcpp/cmake)\n'}
[0.766000] (-) TimerEvent: {}
[0.797000] (cpp_pubsub) StdoutLine: {'line': b'-- Found rosidl_generator_c: 3.1.5 (C:/dev/ros2_humble/share/rosidl_generator_c/cmake)\n'}
[0.797000] (cpp_pubsub) StdoutLine: {'line': b'-- Found rosidl_adapter: 3.1.5 (C:/dev/ros2_humble/share/rosidl_adapter/cmake)\n'}
[0.828000] (cpp_pubsub) StdoutLine: {'line': b'-- Found rosidl_generator_cpp: 3.1.5 (C:/dev/ros2_humble/share/rosidl_generator_cpp/cmake)\n'}
[0.859000] (cpp_pubsub) StdoutLine: {'line': b'-- Using all available rosidl_typesupport_c: rosidl_typesupport_fastrtps_c;rosidl_typesupport_introspection_c\n'}
[0.875000] (-) TimerEvent: {}
[0.906000] (cpp_pubsub) StdoutLine: {'line': b'-- Using all available rosidl_typesupport_cpp: rosidl_typesupport_fastrtps_cpp;rosidl_typesupport_introspection_cpp\n'}
[0.984000] (-) TimerEvent: {}
[1.031000] (cpp_pubsub) StdoutLine: {'line': b'-- Found rmw_implementation_cmake: 6.1.2 (C:/dev/ros2_humble/share/rmw_implementation_cmake/cmake)\n'}
[1.047000] (cpp_pubsub) StdoutLine: {'line': b'-- Found rmw_fastrtps_cpp: 6.2.7 (C:/dev/ros2_humble/share/rmw_fastrtps_cpp/cmake)\n'}
[1.094000] (-) TimerEvent: {}
[1.172000] (cpp_pubsub) StdoutLine: {'line': b"-- Using RMW implementation 'rmw_fastrtps_cpp' as default\n"}
[1.203000] (-) TimerEvent: {}
[1.297000] (cpp_pubsub) StdoutLine: {'line': b'-- Found std_msgs: 4.2.4 (C:/dev/ros2_humble/share/std_msgs/cmake)\n'}
[1.313000] (-) TimerEvent: {}
[1.328000] (cpp_pubsub) StdoutLine: {'line': b'-- Found ament_lint_auto: 0.12.11 (C:/dev/ros2_humble/share/ament_lint_auto/cmake)\n'}
[1.422000] (-) TimerEvent: {}
[1.453000] (cpp_pubsub) StdoutLine: {'line': b"-- Added test 'cppcheck' to perform static code analysis on C / C++ code\n"}
[1.453000] (cpp_pubsub) StdoutLine: {'line': b'-- Configured cppcheck include dirs: \n'}
[1.453000] (cpp_pubsub) StdoutLine: {'line': b'-- Configured cppcheck exclude dirs and/or files: \n'}
[1.453000] (cpp_pubsub) StdoutLine: {'line': b"-- Added test 'lint_cmake' to check CMake code style\n"}
[1.469000] (cpp_pubsub) StdoutLine: {'line': b"-- Added test 'uncrustify' to check C / C++ code style\n"}
[1.469000] (cpp_pubsub) StdoutLine: {'line': b'-- Configured uncrustify additional arguments: \n'}
[1.469000] (cpp_pubsub) StdoutLine: {'line': b"-- Added test 'xmllint' to check XML markup files\n"}
[1.484000] (cpp_pubsub) StdoutLine: {'line': b'-- Configuring done (1.3s)\n'}
[1.531000] (-) TimerEvent: {}
[1.641000] (-) TimerEvent: {}
[1.734000] (cpp_pubsub) StdoutLine: {'line': b'-- Generating done (0.2s)\n'}
[1.734000] (cpp_pubsub) StdoutLine: {'line': b'-- Build files have been written to: C:/Users/Asus/Documents/Git/qlmRos2_homework/build/cpp_pubsub\n'}
[1.750000] (-) TimerEvent: {}
[1.828000] (cpp_pubsub) StdoutLine: {'line': b'MSBuild version 17.11.9+a69bbaaf5 for .NET Framework\r\n'}
[1.859000] (-) TimerEvent: {}
[1.969000] (-) TimerEvent: {}
[2.078000] (-) TimerEvent: {}
[2.125000] (cpp_pubsub) StdoutLine: {'line': b'\r\n'}
[2.188000] (-) TimerEvent: {}
[2.297000] (-) TimerEvent: {}
[2.406000] (-) TimerEvent: {}
[2.516000] (-) TimerEvent: {}
[2.625000] (-) TimerEvent: {}
[2.734000] (-) TimerEvent: {}
[2.844000] (-) TimerEvent: {}
[2.953000] (-) TimerEvent: {}
[3.063000] (-) TimerEvent: {}
[3.172000] (-) TimerEvent: {}
[3.281000] (-) TimerEvent: {}
[3.344000] (cpp_pubsub) StdoutLine: {'line': b'  1>Checking Build System\r\n'}
[3.391000] (-) TimerEvent: {}
[3.500000] (-) TimerEvent: {}
[3.578000] (cpp_pubsub) StdoutLine: {'line': b'  Building Custom Rule C:/Users/Asus/Documents/Git/qlmRos2_homework/src/cpp_pubsub/CMakeLists.txt\r\n'}
[3.609000] (-) TimerEvent: {}
[3.719000] (-) TimerEvent: {}
[3.781000] (cpp_pubsub) StdoutLine: {'line': b'  subscriber_member_function.cpp\r\n'}
[3.828000] (-) TimerEvent: {}
[3.938000] (-) TimerEvent: {}
[4.047000] (-) TimerEvent: {}
[4.156000] (-) TimerEvent: {}
[4.266000] (-) TimerEvent: {}
[4.375000] (-) TimerEvent: {}
[4.484000] (-) TimerEvent: {}
[4.594000] (-) TimerEvent: {}
[4.703000] (-) TimerEvent: {}
[4.813000] (-) TimerEvent: {}
[4.922000] (-) TimerEvent: {}
[5.031000] (-) TimerEvent: {}
[5.141000] (-) TimerEvent: {}
[5.250000] (-) TimerEvent: {}
[5.359000] (-) TimerEvent: {}
[5.469000] (-) TimerEvent: {}
[5.578000] (-) TimerEvent: {}
[5.688000] (-) TimerEvent: {}
[5.797000] (-) TimerEvent: {}
[5.906000] (-) TimerEvent: {}
[6.016000] (-) TimerEvent: {}
[6.125000] (-) TimerEvent: {}
[6.234000] (-) TimerEvent: {}
[6.344000] (-) TimerEvent: {}
[6.453000] (-) TimerEvent: {}
[6.563000] (-) TimerEvent: {}
[6.672000] (-) TimerEvent: {}
[6.781000] (-) TimerEvent: {}
[6.891000] (-) TimerEvent: {}
[7.000000] (-) TimerEvent: {}
[7.109000] (-) TimerEvent: {}
[7.219000] (-) TimerEvent: {}
[7.328000] (-) TimerEvent: {}
[7.438000] (-) TimerEvent: {}
[7.547000] (-) TimerEvent: {}
[7.656000] (-) TimerEvent: {}
[7.766000] (-) TimerEvent: {}
[7.875000] (-) TimerEvent: {}
[7.984000] (-) TimerEvent: {}
[8.094000] (-) TimerEvent: {}
[8.203000] (-) TimerEvent: {}
[8.313000] (-) TimerEvent: {}
[8.422000] (-) TimerEvent: {}
[8.531000] (-) TimerEvent: {}
[8.641000] (-) TimerEvent: {}
[8.750000] (-) TimerEvent: {}
[8.859000] (-) TimerEvent: {}
[8.969000] (-) TimerEvent: {}
[9.078000] (-) TimerEvent: {}
[9.188000] (-) TimerEvent: {}
[9.297000] (-) TimerEvent: {}
[9.406000] (-) TimerEvent: {}
[9.516000] (-) TimerEvent: {}
[9.625000] (-) TimerEvent: {}
[9.734000] (-) TimerEvent: {}
[9.844000] (-) TimerEvent: {}
[9.953000] (-) TimerEvent: {}
[10.063000] (-) TimerEvent: {}
[10.078000] (cpp_pubsub) StdoutLine: {'line': b'  listener.vcxproj -> C:\\Users\\Asus\\Documents\\Git\\qlmRos2_homework\\build\\cpp_pubsub\\Release\\listener.exe\r\n'}
[10.172000] (-) TimerEvent: {}
[10.188000] (cpp_pubsub) StdoutLine: {'line': b'  Building Custom Rule C:/Users/Asus/Documents/Git/qlmRos2_homework/src/cpp_pubsub/CMakeLists.txt\r\n'}
[10.281000] (-) TimerEvent: {}
[10.313000] (cpp_pubsub) StdoutLine: {'line': b'  publisher_member_function.cpp\r\n'}
[10.391000] (-) TimerEvent: {}
[10.500000] (-) TimerEvent: {}
[10.609000] (-) TimerEvent: {}
[10.719000] (-) TimerEvent: {}
[10.828000] (-) TimerEvent: {}
[10.938000] (-) TimerEvent: {}
[11.047000] (-) TimerEvent: {}
[11.156000] (-) TimerEvent: {}
[11.266000] (-) TimerEvent: {}
[11.375000] (-) TimerEvent: {}
[11.484000] (-) TimerEvent: {}
[11.594000] (-) TimerEvent: {}
[11.703000] (-) TimerEvent: {}
[11.813000] (-) TimerEvent: {}
[11.922000] (-) TimerEvent: {}
[12.031000] (-) TimerEvent: {}
[12.141000] (-) TimerEvent: {}
[12.250000] (-) TimerEvent: {}
[12.359000] (-) TimerEvent: {}
[12.469000] (-) TimerEvent: {}
[12.578000] (-) TimerEvent: {}
[12.688000] (-) TimerEvent: {}
[12.797000] (-) TimerEvent: {}
[12.906000] (-) TimerEvent: {}
[13.016000] (-) TimerEvent: {}
[13.125000] (-) TimerEvent: {}
[13.234000] (-) TimerEvent: {}
[13.344000] (-) TimerEvent: {}
[13.453000] (-) TimerEvent: {}
[13.563000] (-) TimerEvent: {}
[13.672000] (-) TimerEvent: {}
[13.781000] (-) TimerEvent: {}
[13.891000] (-) TimerEvent: {}
[14.000000] (-) TimerEvent: {}
[14.109000] (-) TimerEvent: {}
[14.219000] (-) TimerEvent: {}
[14.328000] (-) TimerEvent: {}
[14.438000] (-) TimerEvent: {}
[14.547000] (-) TimerEvent: {}
[14.656000] (-) TimerEvent: {}
[14.766000] (-) TimerEvent: {}
[14.875000] (-) TimerEvent: {}
[14.984000] (-) TimerEvent: {}
[15.094000] (-) TimerEvent: {}
[15.094000] (cpp_pubsub) StdoutLine: {'line': b'  talker.vcxproj -> C:\\Users\\Asus\\Documents\\Git\\qlmRos2_homework\\build\\cpp_pubsub\\Release\\talker.exe\r\n'}
[15.188000] (cpp_pubsub) StdoutLine: {'line': b'  Building Custom Rule C:/Users/Asus/Documents/Git/qlmRos2_homework/src/cpp_pubsub/CMakeLists.txt\r\n'}
[15.203000] (-) TimerEvent: {}
[15.313000] (-) TimerEvent: {}
[15.313000] (cpp_pubsub) CommandEnded: {'returncode': 0}
[15.313000] (cpp_pubsub) JobProgress: {'identifier': 'cpp_pubsub', 'progress': 'install'}
[15.344000] (cpp_pubsub) Command: {'cmd': ['C:\\Program Files\\CMake\\bin\\cmake.EXE', '--install', 'C:\\Users\\Asus\\Documents\\Git\\qlmRos2_homework\\build\\cpp_pubsub', '--config', 'Release'], 'cwd': 'C:\\Users\\Asus\\Documents\\Git\\qlmRos2_homework\\build\\cpp_pubsub', 'env': OrderedDict([('ACSetupSvcPort', '23210'), ('ACSvcPort', '17532'), ('ALLUSERSPROFILE', 'C:\\ProgramData'), ('AMENT_PREFIX_PATH', 'C:\\Users\\Asus\\Documents\\Git\\qlmRos2_homework\\install\\cpp_pubsub;C:\\dev\\ros2_humble'), ('APPDATA', 'C:\\Users\\Asus\\AppData\\Roaming'), ('ChocolateyInstall', 'C:\\ProgramData\\chocolatey'), ('ChocolateyLastPathUpdate', '133729715370722064'), ('CMAKE_PREFIX_PATH', 'C:\\Users\\Asus\\Documents\\Git\\qlmRos2_homework\\install\\cpp_pubsub;C:\\dev\\ros2_humble'), ('COLCON', '1'), ('COLCON_PREFIX_PATH', 'C:\\Users\\Asus\\Documents\\Git\\qlmRos2_homework\\install\\;C:\\dev\\ros2_humble\\'), ('CommandPromptType', 'Native'), ('CommonProgramFiles', 'C:\\Program Files\\Common Files'), ('CommonProgramFiles(x86)', 'C:\\Program Files (x86)\\Common Files'), ('CommonProgramW6432', 'C:\\Program Files\\Common Files'), ('COMPUTERNAME', 'DESKTOP-IT0HKPR'), ('ComSpec', 'C:\\Windows\\system32\\cmd.exe'), ('DevEnvDir', 'C:\\Program Files\\Microsoft Visual Studio\\2022\\Community\\Common7\\IDE\\'), ('DriverData', 'C:\\Windows\\System32\\Drivers\\DriverData'), ('ExtensionSdkDir', 'C:\\Program Files (x86)\\Microsoft SDKs\\Windows Kits\\10\\ExtensionSDKs'), ('EXTERNAL_INCLUDE', 'C:\\Program Files\\Microsoft Visual Studio\\2022\\Community\\VC\\Tools\\MSVC\\14.41.34120\\include;C:\\Program Files\\Microsoft Visual Studio\\2022\\Community\\VC\\Tools\\MSVC\\14.41.34120\\ATLMFC\\include;C:\\Program Files\\Microsoft Visual Studio\\2022\\Community\\VC\\Auxiliary\\VS\\include;C:\\Program Files (x86)\\Windows Kits\\10\\include\\10.0.19041.0\\ucrt;C:\\Program Files (x86)\\Windows Kits\\10\\\\include\\10.0.19041.0\\\\um;C:\\Program Files (x86)\\Windows Kits\\10\\\\include\\10.0.19041.0\\\\shared;C:\\Program Files (x86)\\Windows Kits\\10\\\\include\\10.0.19041.0\\\\winrt;C:\\Program Files (x86)\\Windows Kits\\10\\\\include\\10.0.19041.0\\\\cppwinrt;C:\\Program Files (x86)\\Windows Kits\\NETFXSDK\\4.8\\include\\um'), ('Framework40Version', 'v4.0'), ('FrameworkDir', 'C:\\Windows\\Microsoft.NET\\Framework\\'), ('FrameworkDir32', 'C:\\Windows\\Microsoft.NET\\Framework\\'), ('FrameworkVersion', 'v4.0.30319'), ('FrameworkVersion32', 'v4.0.30319'), ('FSHARPINSTALLDIR', 'C:\\Program Files\\Microsoft Visual Studio\\2022\\Community\\Common7\\IDE\\CommonExtensions\\Microsoft\\FSharp\\Tools'), ('HOMEDRIVE', 'C:'), ('HOMEPATH', '\\Users\\Asus'), ('INCLUDE', 'C:\\Program Files\\Microsoft Visual Studio\\2022\\Community\\VC\\Tools\\MSVC\\14.41.34120\\include;C:\\Program Files\\Microsoft Visual Studio\\2022\\Community\\VC\\Tools\\MSVC\\14.41.34120\\ATLMFC\\include;C:\\Program Files\\Microsoft Visual Studio\\2022\\Community\\VC\\Auxiliary\\VS\\include;C:\\Program Files (x86)\\Windows Kits\\10\\include\\10.0.19041.0\\ucrt;C:\\Program Files (x86)\\Windows Kits\\10\\\\include\\10.0.19041.0\\\\um;C:\\Program Files (x86)\\Windows Kits\\10\\\\include\\10.0.19041.0\\\\shared;C:\\Program Files (x86)\\Windows Kits\\10\\\\include\\10.0.19041.0\\\\winrt;C:\\Program Files (x86)\\Windows Kits\\10\\\\include\\10.0.19041.0\\\\cppwinrt;C:\\Program Files (x86)\\Windows Kits\\NETFXSDK\\4.8\\include\\um'), ('LIB', 'C:\\Program Files\\Microsoft Visual Studio\\2022\\Community\\VC\\Tools\\MSVC\\14.41.34120\\ATLMFC\\lib\\x86;C:\\Program Files\\Microsoft Visual Studio\\2022\\Community\\VC\\Tools\\MSVC\\14.41.34120\\lib\\x86;C:\\Program Files (x86)\\Windows Kits\\NETFXSDK\\4.8\\lib\\um\\x86;C:\\Program Files (x86)\\Windows Kits\\10\\lib\\10.0.19041.0\\ucrt\\x86;C:\\Program Files (x86)\\Windows Kits\\10\\\\lib\\10.0.19041.0\\\\um\\x86'), ('LIBPATH', 'C:\\Program Files\\Microsoft Visual Studio\\2022\\Community\\VC\\Tools\\MSVC\\14.41.34120\\ATLMFC\\lib\\x86;C:\\Program Files\\Microsoft Visual Studio\\2022\\Community\\VC\\Tools\\MSVC\\14.41.34120\\lib\\x86;C:\\Program Files\\Microsoft Visual Studio\\2022\\Community\\VC\\Tools\\MSVC\\14.41.34120\\lib\\x86\\store\\references;C:\\Program Files (x86)\\Windows Kits\\10\\UnionMetadata\\10.0.19041.0;C:\\Program Files (x86)\\Windows Kits\\10\\References\\10.0.19041.0;C:\\Windows\\Microsoft.NET\\Framework\\v4.0.30319'), ('LOCALAPPDATA', 'C:\\Users\\Asus\\AppData\\Local'), ('LOGONSERVER', '\\\\DESKTOP-IT0HKPR'), ('NETFXSDKDir', 'C:\\Program Files (x86)\\Windows Kits\\NETFXSDK\\4.8\\'), ('NUMBER_OF_PROCESSORS', '16'), ('OMP_NUM_THREADS', '16'), ('OneDrive', 'C:\\Users\\Asus\\OneDrive'), ('OpenCV_DIR', 'C:\\opencv'), ('OPENSSL_CONF', 'C:\\Program Files\\OpenSSL-Win64\\bin\\openssl.cfg'), ('OS', 'Windows_NT'), ('Path', 'C:\\dev\\ros2_humble\\opt\\yaml_cpp_vendor\\bin;C:\\dev\\ros2_humble\\opt\\rviz_ogre_vendor\\bin;C:\\dev\\ros2_humble\\opt\\rviz_assimp_vendor\\bin;C:\\dev\\ros2_humble\\opt\\libcurl_vendor\\bin;C:\\dev\\ros2_humble\\Scripts;C:\\dev\\ros2_humble\\bin;C:\\Program Files\\Microsoft Visual Studio\\2022\\Community\\VC\\Tools\\MSVC\\14.41.34120\\bin\\HostX86\\x86;C:\\Program Files\\Microsoft Visual Studio\\2022\\Community\\Common7\\IDE\\VC\\VCPackages;C:\\Program Files\\Microsoft Visual Studio\\2022\\Community\\Common7\\IDE\\CommonExtensions\\Microsoft\\TestWindow;C:\\Program Files\\Microsoft Visual Studio\\2022\\Community\\Common7\\IDE\\CommonExtensions\\Microsoft\\TeamFoundation\\Team Explorer;C:\\Program Files\\Microsoft Visual Studio\\2022\\Community\\MSBuild\\Current\\bin\\Roslyn;C:\\Program Files (x86)\\Microsoft SDKs\\Windows\\v10.0A\\bin\\NETFX 4.8 Tools\\;C:\\Program Files\\Microsoft Visual Studio\\2022\\Community\\Common7\\IDE\\CommonExtensions\\Microsoft\\FSharp\\Tools;C:\\Program Files\\Microsoft Visual Studio\\2022\\Community\\Team Tools\\DiagnosticsHub\\Collector;C:\\Program Files (x86)\\Windows Kits\\10\\bin\\10.0.19041.0\\\\x86;C:\\Program Files (x86)\\Windows Kits\\10\\bin\\\\x86;C:\\Program Files\\Microsoft Visual Studio\\2022\\Community\\\\MSBuild\\Current\\Bin\\amd64;C:\\Windows\\Microsoft.NET\\Framework\\v4.0.30319;C:\\Program Files\\Microsoft Visual Studio\\2022\\Community\\Common7\\IDE\\;C:\\Program Files\\Microsoft Visual Studio\\2022\\Community\\Common7\\Tools\\;C:\\Python38\\Scripts\\;C:\\Python38\\;C:\\Windows\\system32;C:\\Windows;C:\\Windows\\System32\\Wbem;C:\\Windows\\System32\\WindowsPowerShell\\v1.0\\;C:\\Windows\\System32\\OpenSSH\\;C:\\Program Files\\NVIDIA Corporation\\NVIDIA NvDLISR;C:\\Program Files (x86)\\NVIDIA Corporation\\PhysX\\Common;C:\\Program Files\\dotnet\\;C:\\Program Files\\Microsoft SQL Server\\150\\Tools\\Binn\\;C:\\Program Files\\Microsoft SQL Server\\Client SDK\\ODBC\\170\\Tools\\Binn\\;C:\\Program Files\\Microsoft SQL Server\\120\\Tools\\Binn\\;C:\\ProgramData\\chocolatey\\bin;C:\\Program Files\\CMake\\bin;C:\\ProgramData\\chocolatey\\lib\\tinyxml2\\lib;C:\\ProgramData\\chocolatey\\lib\\bullet\\lib;C:\\ProgramData\\chocolatey\\lib\\cunit\\lib;C:\\Program Files\\Graphviz\\bin;C:\\Program Files\\Cppcheck;C:\\Program Files\\Git\\cmd;C:\\Program Files\\OpenSSL-Win64\\bin\\;C:\\Users\\Asus\\AppData\\Local\\Programs\\Python\\Launcher\\;C:\\Users\\Asus\\AppData\\Local\\Microsoft\\WindowsApps;C:\\Users\\Asus\\AppData\\Local\\GitHubDesktop\\bin;C:\\Program Files\\OpenSSL-Win64\\bin;C:\\Users\\Asus\\.dotnet\\tools;C:\\Users\\Asus\\AppData\\Local\\Programs\\Microsoft VS Code\\bin;C:\\Program Files\\Microsoft Visual Studio\\2022\\Community\\Common7\\IDE\\VC\\Linux\\bin\\ConnectionManagerExe'), ('PATHEXT', '.COM;.EXE;.BAT;.CMD;.VBS;.VBE;.JS;.JSE;.WSF;.WSH;.MSC;.PY;.PYW'), ('PKG_CONFIG_PATH', 'C:\\dev\\ros2_humble\\lib\\pkgconfig'), ('PROCESSOR_ARCHITECTURE', 'AMD64'), ('PROCESSOR_IDENTIFIER', 'AMD64 Family 25 Model 68 Stepping 1, AuthenticAMD'), ('PROCESSOR_LEVEL', '25'), ('PROCESSOR_REVISION', '4401'), ('ProgramData', 'C:\\ProgramData'), ('ProgramFiles', 'C:\\Program Files'), ('ProgramFiles(x86)', 'C:\\Program Files (x86)'), ('ProgramW6432', 'C:\\Program Files'), ('PROMPT', '$P$G'), ('PSModulePath', 'C:\\Program Files\\WindowsPowerShell\\Modules;C:\\Windows\\system32\\WindowsPowerShell\\v1.0\\Modules'), ('PUBLIC', 'C:\\Users\\Public'), ('PYTHONPATH', 'C:\\ci\\ws\\install\\lib\\python3.8\\dist-packages;C:\\dev\\ros2_humble\\Lib\\site-packages'), ('RlsSvcPort', '22112'), ('ROS_DISTRO', 'humble'), ('ROS_LOCALHOST_ONLY', '0'), ('ROS_PYTHON_VERSION', '3'), ('ROS_VERSION', '2'), ('SESSIONNAME', 'Console'), ('SystemDrive', 'C:'), ('SystemRoot', 'C:\\Windows'), ('TEMP', 'C:\\Users\\Asus\\AppData\\Local\\Temp'), ('TMP', 'C:\\Users\\Asus\\AppData\\Local\\Temp'), ('UCRTVersion', '10.0.19041.0'), ('UniversalCRTSdkDir', 'C:\\Program Files (x86)\\Windows Kits\\10\\'), ('USERDOMAIN', 'DESKTOP-IT0HKPR'), ('USERDOMAIN_ROAMINGPROFILE', 'DESKTOP-IT0HKPR'), ('USERNAME', 'Asus'), ('USERPROFILE', 'C:\\Users\\Asus'), ('VCIDEInstallDir', 'C:\\Program Files\\Microsoft Visual Studio\\2022\\Community\\Common7\\IDE\\VC\\'), ('VCINSTALLDIR', 'C:\\Program Files\\Microsoft Visual Studio\\2022\\Community\\VC\\'), ('VCToolsInstallDir', 'C:\\Program Files\\Microsoft Visual Studio\\2022\\Community\\VC\\Tools\\MSVC\\14.41.34120\\'), ('VCToolsRedistDir', 'C:\\Program Files\\Microsoft Visual Studio\\2022\\Community\\VC\\Redist\\MSVC\\14.40.33807\\'), ('VCToolsVersion', '14.41.34120'), ('VisualStudioVersion', '17.0'), ('VS170COMNTOOLS', 'C:\\Program Files\\Microsoft Visual Studio\\2022\\Community\\Common7\\Tools\\'), ('VSCMD_ARG_app_plat', 'Desktop'), ('VSCMD_ARG_HOST_ARCH', 'x86'), ('VSCMD_ARG_TGT_ARCH', 'x86'), ('VSCMD_VER', '17.11.4'), ('VSINSTALLDIR', 'C:\\Program Files\\Microsoft Visual Studio\\2022\\Community\\'), ('VSSDK150INSTALL', 'C:\\Program Files\\Microsoft Visual Studio\\2022\\Community\\VSSDK'), ('VSSDKINSTALL', 'C:\\Program Files\\Microsoft Visual Studio\\2022\\Community\\VSSDK'), ('windir', 'C:\\Windows'), ('WindowsLibPath', 'C:\\Program Files (x86)\\Windows Kits\\10\\UnionMetadata\\10.0.19041.0;C:\\Program Files (x86)\\Windows Kits\\10\\References\\10.0.19041.0'), ('WindowsSdkBinPath', 'C:\\Program Files (x86)\\Windows Kits\\10\\bin\\'), ('WindowsSdkDir', 'C:\\Program Files (x86)\\Windows Kits\\10\\'), ('WindowsSDKLibVersion', '10.0.19041.0\\'), ('WindowsSdkVerBinPath', 'C:\\Program Files (x86)\\Windows Kits\\10\\bin\\10.0.19041.0\\'), ('WindowsSDKVersion', '10.0.19041.0\\'), ('WindowsSDK_ExecutablePath_x64', 'C:\\Program Files (x86)\\Microsoft SDKs\\Windows\\v10.0A\\bin\\NETFX 4.8 Tools\\x64\\'), ('WindowsSDK_ExecutablePath_x86', 'C:\\Program Files (x86)\\Microsoft SDKs\\Windows\\v10.0A\\bin\\NETFX 4.8 Tools\\'), ('__DOTNET_ADD_32BIT', '1'), ('__DOTNET_PREFERRED_BITNESS', '32'), ('__VSCMD_PREINIT_PATH', 'C:\\Python38\\Scripts\\;C:\\Python38\\;C:\\Windows\\system32;C:\\Windows;C:\\Windows\\System32\\Wbem;C:\\Windows\\System32\\WindowsPowerShell\\v1.0\\;C:\\Windows\\System32\\OpenSSH\\;C:\\Program Files\\NVIDIA Corporation\\NVIDIA NvDLISR;C:\\Program Files (x86)\\NVIDIA Corporation\\PhysX\\Common;C:\\Program Files\\dotnet\\;C:\\Program Files\\Microsoft SQL Server\\150\\Tools\\Binn\\;C:\\Program Files\\Microsoft SQL Server\\Client SDK\\ODBC\\170\\Tools\\Binn\\;C:\\Program Files\\Microsoft SQL Server\\120\\Tools\\Binn\\;C:\\ProgramData\\chocolatey\\bin;C:\\Program Files\\CMake\\bin;C:\\ProgramData\\chocolatey\\lib\\tinyxml2\\lib;C:\\ProgramData\\chocolatey\\lib\\bullet\\lib;C:\\ProgramData\\chocolatey\\lib\\cunit\\lib;C:\\Program Files\\Graphviz\\bin;C:\\Program Files\\Cppcheck;C:\\Program Files\\Git\\cmd;C:\\Program Files\\OpenSSL-Win64\\bin\\;C:\\Users\\Asus\\AppData\\Local\\Programs\\Python\\Launcher\\;C:\\Users\\Asus\\AppData\\Local\\Microsoft\\WindowsApps;C:\\Users\\Asus\\AppData\\Local\\GitHubDesktop\\bin;C:\\Program Files\\OpenSSL-Win64\\bin;C:\\Users\\Asus\\.dotnet\\tools;C:\\Users\\Asus\\AppData\\Local\\Programs\\Microsoft VS Code\\bin')]), 'shell': False}
[15.359000] (cpp_pubsub) StdoutLine: {'line': b'-- Installing: C:/Users/Asus/Documents/Git/qlmRos2_homework/install/cpp_pubsub/lib/cpp_pubsub/talker.exe\n'}
[15.359000] (cpp_pubsub) StderrLine: {'line': b'CMake Error at cmake_install.cmake:39 (file):\n'}
[15.359000] (cpp_pubsub) StderrLine: {'line': b'  file INSTALL cannot copy file\n'}
[15.359000] (cpp_pubsub) StderrLine: {'line': b'  "C:/Users/Asus/Documents/Git/qlmRos2_homework/build/cpp_pubsub/Release/talker.exe"\n'}
[15.359000] (cpp_pubsub) StderrLine: {'line': b'  to\n'}
[15.359000] (cpp_pubsub) StderrLine: {'line': b'  "C:/Users/Asus/Documents/Git/qlmRos2_homework/install/cpp_pubsub/lib/cpp_pubsub/talker.exe":\n'}
[15.359000] (cpp_pubsub) StderrLine: {'line': b'  Permission denied.\n'}
[15.359000] (cpp_pubsub) StderrLine: {'line': b'\n'}
[15.359000] (cpp_pubsub) StderrLine: {'line': b'\n'}
[15.375000] (cpp_pubsub) CommandEnded: {'returncode': 1}
[15.391000] (cpp_pubsub) JobEnded: {'identifier': 'cpp_pubsub', 'rc': 1}
[15.406000] (-) EventReactorShutdown: {}
