MSBuild version 17.11.9+a69bbaaf5 for .NET Framework

  1>Checking Build System
  Building Custom Rule C:/Users/Asus/Documents/Git/qlmRos2_homework/src/cpp_pubsub/CMakeLists.txt
  division_node.cpp
  division_node.vcxproj -> C:\Users\Asus\Documents\Git\qlmRos2_homework\build\cpp_pubsub\Release\division_node.exe
  Building Custom Rule C:/Users/Asus/Documents/Git/qlmRos2_homework/src/cpp_pubsub/CMakeLists.txt
  listener.vcxproj -> C:\Users\Asus\Documents\Git\qlmRos2_homework\build\cpp_pubsub\Release\listener.exe
  Building Custom Rule C:/Users/Asus/Documents/Git/qlmRos2_homework/src/cpp_pubsub/CMakeLists.txt
  talker.vcxproj -> C:\Users\Asus\Documents\Git\qlmRos2_homework\build\cpp_pubsub\Release\talker.exe
  Building Custom Rule C:/Users/Asus/Documents/Git/qlmRos2_homework/src/cpp_pubsub/CMakeLists.txt
-- Up-to-date: C:/Users/Asus/Documents/Git/qlmRos2_homework/install/cpp_pubsub/lib/cpp_pubsub/talker.exe
-- Up-to-date: C:/Users/Asus/Documents/Git/qlmRos2_homework/install/cpp_pubsub/lib/cpp_pubsub/listener.exe
-- Installing: C:/Users/Asus/Documents/Git/qlmRos2_homework/install/cpp_pubsub/lib/cpp_pubsub/division_node.exe
-- Up-to-date: C:/Users/Asus/Documents/Git/qlmRos2_homework/install/cpp_pubsub/share/ament_index/resource_index/package_run_dependencies/cpp_pubsub
-- Up-to-date: C:/Users/Asus/Documents/Git/qlmRos2_homework/install/cpp_pubsub/share/ament_index/resource_index/parent_prefix_path/cpp_pubsub
-- Up-to-date: C:/Users/Asus/Documents/Git/qlmRos2_homework/install/cpp_pubsub/share/cpp_pubsub/environment/ament_prefix_path.bat
-- Up-to-date: C:/Users/Asus/Documents/Git/qlmRos2_homework/install/cpp_pubsub/share/cpp_pubsub/environment/ament_prefix_path.dsv
-- Up-to-date: C:/Users/Asus/Documents/Git/qlmRos2_homework/install/cpp_pubsub/share/cpp_pubsub/environment/path.bat
-- Up-to-date: C:/Users/Asus/Documents/Git/qlmRos2_homework/install/cpp_pubsub/share/cpp_pubsub/environment/path.dsv
-- Up-to-date: C:/Users/Asus/Documents/Git/qlmRos2_homework/install/cpp_pubsub/share/cpp_pubsub/local_setup.bat
-- Up-to-date: C:/Users/Asus/Documents/Git/qlmRos2_homework/install/cpp_pubsub/share/cpp_pubsub/local_setup.dsv
-- Installing: C:/Users/Asus/Documents/Git/qlmRos2_homework/install/cpp_pubsub/share/cpp_pubsub/package.dsv
-- Up-to-date: C:/Users/Asus/Documents/Git/qlmRos2_homework/install/cpp_pubsub/share/ament_index/resource_index/packages/cpp_pubsub
-- Up-to-date: C:/Users/Asus/Documents/Git/qlmRos2_homework/install/cpp_pubsub/share/cpp_pubsub/cmake/cpp_pubsubConfig.cmake
-- Up-to-date: C:/Users/Asus/Documents/Git/qlmRos2_homework/install/cpp_pubsub/share/cpp_pubsub/cmake/cpp_pubsubConfig-version.cmake
-- Up-to-date: C:/Users/Asus/Documents/Git/qlmRos2_homework/install/cpp_pubsub/share/cpp_pubsub/package.xml
