[0.000000] (-) TimerEvent: {}
[0.000000] (cpp_pubsub) JobQueued: {'identifier': 'cpp_pubsub', 'dependencies': OrderedDict()}
[0.000000] (cpp_pubsub) JobStarted: {'identifier': 'cpp_pubsub'}
[0.109000] (-) TimerEvent: {}
[0.125000] (cpp_pubsub) JobProgress: {'identifier': 'cpp_pubsub', 'progress': 'cmake'}
[0.125000] (cpp_pubsub) Command: {'cmd': ['C:\\Program Files\\CMake\\bin\\cmake.EXE', 'C:\\Users\\Asus\\Documents\\Git\\qlmRos2_homework\\src\\cpp_pubsub', '-DCMAKE_INSTALL_PREFIX=C:\\Users\\Asus\\Documents\\Git\\qlmRos2_homework\\install\\cpp_pubsub'], 'cwd': 'C:\\Users\\Asus\\Documents\\Git\\qlmRos2_homework\\build\\cpp_pubsub', 'env': OrderedDict([('ACSetupSvcPort', '23210'), ('ACSvcPort', '17532'), ('ALLUSERSPROFILE', 'C:\\ProgramData'), ('AMENT_PREFIX_PATH', 'C:\\Users\\Asus\\Documents\\Git\\qlmRos2_homework\\install\\nodes;C:\\dev\\ros2_humble'), ('APPDATA', 'C:\\Users\\Asus\\AppData\\Roaming'), ('ChocolateyInstall', 'C:\\ProgramData\\chocolatey'), ('ChocolateyLastPathUpdate', '133729715370722064'), ('CMAKE_PREFIX_PATH', 'C:\\Users\\Asus\\Documents\\Git\\qlmRos2_homework\\install;C:\\Users\\Asus\\Documents\\Git\\qlmRos2_homework\\install\\nodes;C:\\dev\\ros2_humble'), ('COLCON', '1'), ('COLCON_PREFIX_PATH', 'C:\\Users\\Asus\\Documents\\Git\\qlmRos2_homework\\install\\;C:\\dev\\ros2_humble\\'), ('CommandPromptType', 'Native'), ('CommonProgramFiles', 'C:\\Program Files\\Common Files'), ('CommonProgramFiles(x86)', 'C:\\Program Files (x86)\\Common Files'), ('CommonProgramW6432', 'C:\\Program Files\\Common Files'), ('COMPUTERNAME', 'DESKTOP-IT0HKPR'), ('ComSpec', 'C:\\Windows\\system32\\cmd.exe'), ('DevEnvDir', 'C:\\Program Files\\Microsoft Visual Studio\\2022\\Community\\Common7\\IDE\\'), ('DriverData', 'C:\\Windows\\System32\\Drivers\\DriverData'), ('ExtensionSdkDir', 'C:\\Program Files (x86)\\Microsoft SDKs\\Windows Kits\\10\\ExtensionSDKs'), ('EXTERNAL_INCLUDE', 'C:\\Program Files\\Microsoft Visual Studio\\2022\\Community\\VC\\Tools\\MSVC\\14.41.34120\\include;C:\\Program Files\\Microsoft Visual Studio\\2022\\Community\\VC\\Tools\\MSVC\\14.41.34120\\ATLMFC\\include;C:\\Program Files\\Microsoft Visual Studio\\2022\\Community\\VC\\Auxiliary\\VS\\include;C:\\Program Files (x86)\\Windows Kits\\10\\include\\10.0.19041.0\\ucrt;C:\\Program Files (x86)\\Windows Kits\\10\\\\include\\10.0.19041.0\\\\um;C:\\Program Files (x86)\\Windows Kits\\10\\\\include\\10.0.19041.0\\\\shared;C:\\Program Files (x86)\\Windows Kits\\10\\\\include\\10.0.19041.0\\\\winrt;C:\\Program Files (x86)\\Windows Kits\\10\\\\include\\10.0.19041.0\\\\cppwinrt;C:\\Program Files (x86)\\Windows Kits\\NETFXSDK\\4.8\\include\\um'), ('Framework40Version', 'v4.0'), ('FrameworkDir', 'C:\\Windows\\Microsoft.NET\\Framework\\'), ('FrameworkDir32', 'C:\\Windows\\Microsoft.NET\\Framework\\'), ('FrameworkVersion', 'v4.0.30319'), ('FrameworkVersion32', 'v4.0.30319'), ('FSHARPINSTALLDIR', 'C:\\Program Files\\Microsoft Visual Studio\\2022\\Community\\Common7\\IDE\\CommonExtensions\\Microsoft\\FSharp\\Tools'), ('HOMEDRIVE', 'C:'), ('HOMEPATH', '\\Users\\Asus'), ('INCLUDE', 'C:\\Program Files\\Microsoft Visual Studio\\2022\\Community\\VC\\Tools\\MSVC\\14.41.34120\\include;C:\\Program Files\\Microsoft Visual Studio\\2022\\Community\\VC\\Tools\\MSVC\\14.41.34120\\ATLMFC\\include;C:\\Program Files\\Microsoft Visual Studio\\2022\\Community\\VC\\Auxiliary\\VS\\include;C:\\Program Files (x86)\\Windows Kits\\10\\include\\10.0.19041.0\\ucrt;C:\\Program Files (x86)\\Windows Kits\\10\\\\include\\10.0.19041.0\\\\um;C:\\Program Files (x86)\\Windows Kits\\10\\\\include\\10.0.19041.0\\\\shared;C:\\Program Files (x86)\\Windows Kits\\10\\\\include\\10.0.19041.0\\\\winrt;C:\\Program Files (x86)\\Windows Kits\\10\\\\include\\10.0.19041.0\\\\cppwinrt;C:\\Program Files (x86)\\Windows Kits\\NETFXSDK\\4.8\\include\\um'), ('LIB', 'C:\\Program Files\\Microsoft Visual Studio\\2022\\Community\\VC\\Tools\\MSVC\\14.41.34120\\ATLMFC\\lib\\x86;C:\\Program Files\\Microsoft Visual Studio\\2022\\Community\\VC\\Tools\\MSVC\\14.41.34120\\lib\\x86;C:\\Program Files (x86)\\Windows Kits\\NETFXSDK\\4.8\\lib\\um\\x86;C:\\Program Files (x86)\\Windows Kits\\10\\lib\\10.0.19041.0\\ucrt\\x86;C:\\Program Files (x86)\\Windows Kits\\10\\\\lib\\10.0.19041.0\\\\um\\x86'), ('LIBPATH', 'C:\\Program Files\\Microsoft Visual Studio\\2022\\Community\\VC\\Tools\\MSVC\\14.41.34120\\ATLMFC\\lib\\x86;C:\\Program Files\\Microsoft Visual Studio\\2022\\Community\\VC\\Tools\\MSVC\\14.41.34120\\lib\\x86;C:\\Program Files\\Microsoft Visual Studio\\2022\\Community\\VC\\Tools\\MSVC\\14.41.34120\\lib\\x86\\store\\references;C:\\Program Files (x86)\\Windows Kits\\10\\UnionMetadata\\10.0.19041.0;C:\\Program Files (x86)\\Windows Kits\\10\\References\\10.0.19041.0;C:\\Windows\\Microsoft.NET\\Framework\\v4.0.30319'), ('LOCALAPPDATA', 'C:\\Users\\Asus\\AppData\\Local'), ('LOGONSERVER', '\\\\DESKTOP-IT0HKPR'), ('NETFXSDKDir', 'C:\\Program Files (x86)\\Windows Kits\\NETFXSDK\\4.8\\'), ('NUMBER_OF_PROCESSORS', '16'), ('OMP_NUM_THREADS', '16'), ('OneDrive', 'C:\\Users\\Asus\\OneDrive'), ('OpenCV_DIR', 'C:\\opencv'), ('OPENSSL_CONF', 'C:\\Program Files\\OpenSSL-Win64\\bin\\openssl.cfg'), ('OS', 'Windows_NT'), ('Path', 'C:\\dev\\ros2_humble\\opt\\yaml_cpp_vendor\\bin;C:\\dev\\ros2_humble\\opt\\rviz_ogre_vendor\\bin;C:\\dev\\ros2_humble\\opt\\rviz_assimp_vendor\\bin;C:\\dev\\ros2_humble\\opt\\libcurl_vendor\\bin;C:\\dev\\ros2_humble\\Scripts;C:\\dev\\ros2_humble\\bin;C:\\Program Files\\Microsoft Visual Studio\\2022\\Community\\VC\\Tools\\MSVC\\14.41.34120\\bin\\HostX86\\x86;C:\\Program Files\\Microsoft Visual Studio\\2022\\Community\\Common7\\IDE\\VC\\VCPackages;C:\\Program Files\\Microsoft Visual Studio\\2022\\Community\\Common7\\IDE\\CommonExtensions\\Microsoft\\TestWindow;C:\\Program Files\\Microsoft Visual Studio\\2022\\Community\\Common7\\IDE\\CommonExtensions\\Microsoft\\TeamFoundation\\Team Explorer;C:\\Program Files\\Microsoft Visual Studio\\2022\\Community\\MSBuild\\Current\\bin\\Roslyn;C:\\Program Files (x86)\\Microsoft SDKs\\Windows\\v10.0A\\bin\\NETFX 4.8 Tools\\;C:\\Program Files\\Microsoft Visual Studio\\2022\\Community\\Common7\\IDE\\CommonExtensions\\Microsoft\\FSharp\\Tools;C:\\Program Files\\Microsoft Visual Studio\\2022\\Community\\Team Tools\\DiagnosticsHub\\Collector;C:\\Program Files (x86)\\Windows Kits\\10\\bin\\10.0.19041.0\\\\x86;C:\\Program Files (x86)\\Windows Kits\\10\\bin\\\\x86;C:\\Program Files\\Microsoft Visual Studio\\2022\\Community\\\\MSBuild\\Current\\Bin\\amd64;C:\\Windows\\Microsoft.NET\\Framework\\v4.0.30319;C:\\Program Files\\Microsoft Visual Studio\\2022\\Community\\Common7\\IDE\\;C:\\Program Files\\Microsoft Visual Studio\\2022\\Community\\Common7\\Tools\\;C:\\Python38\\Scripts\\;C:\\Python38\\;C:\\Windows\\system32;C:\\Windows;C:\\Windows\\System32\\Wbem;C:\\Windows\\System32\\WindowsPowerShell\\v1.0\\;C:\\Windows\\System32\\OpenSSH\\;C:\\Program Files\\NVIDIA Corporation\\NVIDIA NvDLISR;C:\\Program Files (x86)\\NVIDIA Corporation\\PhysX\\Common;C:\\Program Files\\dotnet\\;C:\\Program Files\\Microsoft SQL Server\\150\\Tools\\Binn\\;C:\\Program Files\\Microsoft SQL Server\\Client SDK\\ODBC\\170\\Tools\\Binn\\;C:\\Program Files\\Microsoft SQL Server\\120\\Tools\\Binn\\;C:\\ProgramData\\chocolatey\\bin;C:\\Program Files\\CMake\\bin;C:\\ProgramData\\chocolatey\\lib\\tinyxml2\\lib;C:\\ProgramData\\chocolatey\\lib\\bullet\\lib;C:\\ProgramData\\chocolatey\\lib\\cunit\\lib;C:\\Program Files\\Graphviz\\bin;C:\\Program Files\\Cppcheck;C:\\Program Files\\Git\\cmd;C:\\Program Files\\OpenSSL-Win64\\bin\\;C:\\Users\\Asus\\AppData\\Local\\Programs\\Python\\Launcher\\;C:\\Users\\Asus\\AppData\\Local\\Microsoft\\WindowsApps;C:\\Users\\Asus\\AppData\\Local\\GitHubDesktop\\bin;C:\\Program Files\\OpenSSL-Win64\\bin;C:\\Users\\Asus\\.dotnet\\tools;C:\\Users\\Asus\\AppData\\Local\\Programs\\Microsoft VS Code\\bin;C:\\Program Files\\Microsoft Visual Studio\\2022\\Community\\Common7\\IDE\\VC\\Linux\\bin\\ConnectionManagerExe'), ('PATHEXT', '.COM;.EXE;.BAT;.CMD;.VBS;.VBE;.JS;.JSE;.WSF;.WSH;.MSC;.PY;.PYW'), ('PKG_CONFIG_PATH', 'C:\\dev\\ros2_humble\\lib\\pkgconfig'), ('PROCESSOR_ARCHITECTURE', 'AMD64'), ('PROCESSOR_IDENTIFIER', 'AMD64 Family 25 Model 68 Stepping 1, AuthenticAMD'), ('PROCESSOR_LEVEL', '25'), ('PROCESSOR_REVISION', '4401'), ('ProgramData', 'C:\\ProgramData'), ('ProgramFiles', 'C:\\Program Files'), ('ProgramFiles(x86)', 'C:\\Program Files (x86)'), ('ProgramW6432', 'C:\\Program Files'), ('PROMPT', '$P$G'), ('PSModulePath', 'C:\\Program Files\\WindowsPowerShell\\Modules;C:\\Windows\\system32\\WindowsPowerShell\\v1.0\\Modules'), ('PUBLIC', 'C:\\Users\\Public'), ('PYTHONPATH', 'C:\\ci\\ws\\install\\lib\\python3.8\\dist-packages;C:\\dev\\ros2_humble\\Lib\\site-packages'), ('RlsSvcPort', '22112'), ('ROS_DISTRO', 'humble'), ('ROS_LOCALHOST_ONLY', '0'), ('ROS_PYTHON_VERSION', '3'), ('ROS_VERSION', '2'), ('SESSIONNAME', 'Console'), ('SystemDrive', 'C:'), ('SystemRoot', 'C:\\Windows'), ('TEMP', 'C:\\Users\\Asus\\AppData\\Local\\Temp'), ('TMP', 'C:\\Users\\Asus\\AppData\\Local\\Temp'), ('UCRTVersion', '10.0.19041.0'), ('UniversalCRTSdkDir', 'C:\\Program Files (x86)\\Windows Kits\\10\\'), ('USERDOMAIN', 'DESKTOP-IT0HKPR'), ('USERDOMAIN_ROAMINGPROFILE', 'DESKTOP-IT0HKPR'), ('USERNAME', 'Asus'), ('USERPROFILE', 'C:\\Users\\Asus'), ('VCIDEInstallDir', 'C:\\Program Files\\Microsoft Visual Studio\\2022\\Community\\Common7\\IDE\\VC\\'), ('VCINSTALLDIR', 'C:\\Program Files\\Microsoft Visual Studio\\2022\\Community\\VC\\'), ('VCToolsInstallDir', 'C:\\Program Files\\Microsoft Visual Studio\\2022\\Community\\VC\\Tools\\MSVC\\14.41.34120\\'), ('VCToolsRedistDir', 'C:\\Program Files\\Microsoft Visual Studio\\2022\\Community\\VC\\Redist\\MSVC\\14.40.33807\\'), ('VCToolsVersion', '14.41.34120'), ('VisualStudioVersion', '17.0'), ('VS170COMNTOOLS', 'C:\\Program Files\\Microsoft Visual Studio\\2022\\Community\\Common7\\Tools\\'), ('VSCMD_ARG_app_plat', 'Desktop'), ('VSCMD_ARG_HOST_ARCH', 'x86'), ('VSCMD_ARG_TGT_ARCH', 'x86'), ('VSCMD_VER', '17.11.4'), ('VSINSTALLDIR', 'C:\\Program Files\\Microsoft Visual Studio\\2022\\Community\\'), ('VSSDK150INSTALL', 'C:\\Program Files\\Microsoft Visual Studio\\2022\\Community\\VSSDK'), ('VSSDKINSTALL', 'C:\\Program Files\\Microsoft Visual Studio\\2022\\Community\\VSSDK'), ('windir', 'C:\\Windows'), ('WindowsLibPath', 'C:\\Program Files (x86)\\Windows Kits\\10\\UnionMetadata\\10.0.19041.0;C:\\Program Files (x86)\\Windows Kits\\10\\References\\10.0.19041.0'), ('WindowsSdkBinPath', 'C:\\Program Files (x86)\\Windows Kits\\10\\bin\\'), ('WindowsSdkDir', 'C:\\Program Files (x86)\\Windows Kits\\10\\'), ('WindowsSDKLibVersion', '10.0.19041.0\\'), ('WindowsSdkVerBinPath', 'C:\\Program Files (x86)\\Windows Kits\\10\\bin\\10.0.19041.0\\'), ('WindowsSDKVersion', '10.0.19041.0\\'), ('WindowsSDK_ExecutablePath_x64', 'C:\\Program Files (x86)\\Microsoft SDKs\\Windows\\v10.0A\\bin\\NETFX 4.8 Tools\\x64\\'), ('WindowsSDK_ExecutablePath_x86', 'C:\\Program Files (x86)\\Microsoft SDKs\\Windows\\v10.0A\\bin\\NETFX 4.8 Tools\\'), ('__DOTNET_ADD_32BIT', '1'), ('__DOTNET_PREFERRED_BITNESS', '32'), ('__VSCMD_PREINIT_PATH', 'C:\\Python38\\Scripts\\;C:\\Python38\\;C:\\Windows\\system32;C:\\Windows;C:\\Windows\\System32\\Wbem;C:\\Windows\\System32\\WindowsPowerShell\\v1.0\\;C:\\Windows\\System32\\OpenSSH\\;C:\\Program Files\\NVIDIA Corporation\\NVIDIA NvDLISR;C:\\Program Files (x86)\\NVIDIA Corporation\\PhysX\\Common;C:\\Program Files\\dotnet\\;C:\\Program Files\\Microsoft SQL Server\\150\\Tools\\Binn\\;C:\\Program Files\\Microsoft SQL Server\\Client SDK\\ODBC\\170\\Tools\\Binn\\;C:\\Program Files\\Microsoft SQL Server\\120\\Tools\\Binn\\;C:\\ProgramData\\chocolatey\\bin;C:\\Program Files\\CMake\\bin;C:\\ProgramData\\chocolatey\\lib\\tinyxml2\\lib;C:\\ProgramData\\chocolatey\\lib\\bullet\\lib;C:\\ProgramData\\chocolatey\\lib\\cunit\\lib;C:\\Program Files\\Graphviz\\bin;C:\\Program Files\\Cppcheck;C:\\Program Files\\Git\\cmd;C:\\Program Files\\OpenSSL-Win64\\bin\\;C:\\Users\\Asus\\AppData\\Local\\Programs\\Python\\Launcher\\;C:\\Users\\Asus\\AppData\\Local\\Microsoft\\WindowsApps;C:\\Users\\Asus\\AppData\\Local\\GitHubDesktop\\bin;C:\\Program Files\\OpenSSL-Win64\\bin;C:\\Users\\Asus\\.dotnet\\tools;C:\\Users\\Asus\\AppData\\Local\\Programs\\Microsoft VS Code\\bin')]), 'shell': False}
[0.156000] (cpp_pubsub) StdoutLine: {'line': b'-- Selecting Windows SDK version 10.0.19041.0 to target Windows 10.0.19045.\n'}
[0.234000] (-) TimerEvent: {}
[0.344000] (-) TimerEvent: {}
[0.453000] (-) TimerEvent: {}
[0.563000] (-) TimerEvent: {}
[0.672000] (-) TimerEvent: {}
[0.781000] (-) TimerEvent: {}
[0.891000] (-) TimerEvent: {}
[1.000000] (-) TimerEvent: {}
[1.109000] (-) TimerEvent: {}
[1.219000] (-) TimerEvent: {}
[1.328000] (-) TimerEvent: {}
[1.438000] (-) TimerEvent: {}
[1.547000] (-) TimerEvent: {}
[1.656000] (-) TimerEvent: {}
[1.766000] (-) TimerEvent: {}
[1.875000] (-) TimerEvent: {}
[1.984000] (-) TimerEvent: {}
[2.094000] (-) TimerEvent: {}
[2.203000] (-) TimerEvent: {}
[2.313000] (-) TimerEvent: {}
[2.422000] (-) TimerEvent: {}
[2.531000] (-) TimerEvent: {}
[2.641000] (-) TimerEvent: {}
[2.750000] (-) TimerEvent: {}
[2.859000] (-) TimerEvent: {}
[2.969000] (-) TimerEvent: {}
[3.078000] (-) TimerEvent: {}
[3.188000] (-) TimerEvent: {}
[3.297000] (-) TimerEvent: {}
[3.406000] (-) TimerEvent: {}
[3.516000] (-) TimerEvent: {}
[3.625000] (-) TimerEvent: {}
[3.719000] (cpp_pubsub) StdoutLine: {'line': b'-- The C compiler identification is MSVC 19.41.34120.0\n'}
[3.734000] (-) TimerEvent: {}
[3.844000] (-) TimerEvent: {}
[3.953000] (-) TimerEvent: {}
[4.063000] (-) TimerEvent: {}
[4.172000] (-) TimerEvent: {}
[4.281000] (-) TimerEvent: {}
[4.391000] (-) TimerEvent: {}
[4.500000] (-) TimerEvent: {}
[4.609000] (-) TimerEvent: {}
[4.719000] (-) TimerEvent: {}
[4.828000] (-) TimerEvent: {}
[4.938000] (-) TimerEvent: {}
[5.047000] (-) TimerEvent: {}
[5.156000] (-) TimerEvent: {}
[5.266000] (-) TimerEvent: {}
[5.375000] (-) TimerEvent: {}
[5.484000] (-) TimerEvent: {}
[5.609000] (-) TimerEvent: {}
[5.719000] (cpp_pubsub) StdoutLine: {'line': b'-- The CXX compiler identification is MSVC 19.41.34120.0\n'}
[5.719000] (-) TimerEvent: {}
[5.766000] (cpp_pubsub) StdoutLine: {'line': b'-- Detecting C compiler ABI info\n'}
[5.828000] (-) TimerEvent: {}
[5.938000] (-) TimerEvent: {}
[6.047000] (-) TimerEvent: {}
[6.172000] (-) TimerEvent: {}
[6.281000] (-) TimerEvent: {}
[6.391000] (-) TimerEvent: {}
[6.500000] (-) TimerEvent: {}
[6.609000] (-) TimerEvent: {}
[6.719000] (-) TimerEvent: {}
[6.828000] (-) TimerEvent: {}
[6.938000] (-) TimerEvent: {}
[7.047000] (-) TimerEvent: {}
[7.156000] (-) TimerEvent: {}
[7.266000] (-) TimerEvent: {}
[7.375000] (-) TimerEvent: {}
[7.484000] (-) TimerEvent: {}
[7.594000] (-) TimerEvent: {}
[7.703000] (-) TimerEvent: {}
[7.766000] (cpp_pubsub) StdoutLine: {'line': b'-- Detecting C compiler ABI info - done\n'}
[7.781000] (cpp_pubsub) StdoutLine: {'line': b'-- Check for working C compiler: C:/Program Files/Microsoft Visual Studio/2022/Community/VC/Tools/MSVC/14.41.34120/bin/Hostx64/x64/cl.exe - skipped\n'}
[7.781000] (cpp_pubsub) StdoutLine: {'line': b'-- Detecting C compile features\n'}
[7.781000] (cpp_pubsub) StdoutLine: {'line': b'-- Detecting C compile features - done\n'}
[7.797000] (cpp_pubsub) StdoutLine: {'line': b'-- Detecting CXX compiler ABI info\n'}
[7.813000] (-) TimerEvent: {}
[7.922000] (-) TimerEvent: {}
[8.031000] (-) TimerEvent: {}
[8.141000] (-) TimerEvent: {}
[8.250000] (-) TimerEvent: {}
[8.359000] (-) TimerEvent: {}
[8.469000] (-) TimerEvent: {}
[8.578000] (-) TimerEvent: {}
[8.688000] (-) TimerEvent: {}
[8.797000] (-) TimerEvent: {}
[8.906000] (-) TimerEvent: {}
[9.016000] (-) TimerEvent: {}
[9.125000] (-) TimerEvent: {}
[9.234000] (-) TimerEvent: {}
[9.344000] (-) TimerEvent: {}
[9.453000] (-) TimerEvent: {}
[9.563000] (-) TimerEvent: {}
[9.672000] (-) TimerEvent: {}
[9.781000] (cpp_pubsub) StdoutLine: {'line': b'-- Detecting CXX compiler ABI info - done\n'}
[9.781000] (-) TimerEvent: {}
[9.797000] (cpp_pubsub) StdoutLine: {'line': b'-- Check for working CXX compiler: C:/Program Files/Microsoft Visual Studio/2022/Community/VC/Tools/MSVC/14.41.34120/bin/Hostx64/x64/cl.exe - skipped\n'}
[9.797000] (cpp_pubsub) StdoutLine: {'line': b'-- Detecting CXX compile features\n'}
[9.797000] (cpp_pubsub) StdoutLine: {'line': b'-- Detecting CXX compile features - done\n'}
[9.813000] (cpp_pubsub) StdoutLine: {'line': b'-- Found ament_cmake: 1.3.10 (C:/dev/ros2_humble/share/ament_cmake/cmake)\n'}
[9.891000] (-) TimerEvent: {}
[10.000000] (-) TimerEvent: {}
[10.109000] (-) TimerEvent: {}
[10.219000] (-) TimerEvent: {}
[10.328000] (-) TimerEvent: {}
[10.438000] (-) TimerEvent: {}
[10.547000] (-) TimerEvent: {}
[10.656000] (-) TimerEvent: {}
[10.766000] (-) TimerEvent: {}
[10.875000] (-) TimerEvent: {}
[10.984000] (-) TimerEvent: {}
[11.094000] (-) TimerEvent: {}
[11.203000] (-) TimerEvent: {}
[11.313000] (-) TimerEvent: {}
[11.422000] (-) TimerEvent: {}
[11.531000] (-) TimerEvent: {}
[11.641000] (-) TimerEvent: {}
[11.750000] (-) TimerEvent: {}
[11.859000] (-) TimerEvent: {}
[11.969000] (-) TimerEvent: {}
[12.078000] (-) TimerEvent: {}
[12.188000] (-) TimerEvent: {}
[12.297000] (-) TimerEvent: {}
[12.406000] (-) TimerEvent: {}
[12.516000] (-) TimerEvent: {}
[12.625000] (-) TimerEvent: {}
[12.734000] (-) TimerEvent: {}
[12.844000] (-) TimerEvent: {}
[12.953000] (-) TimerEvent: {}
[13.063000] (-) TimerEvent: {}
[13.172000] (-) TimerEvent: {}
[13.281000] (-) TimerEvent: {}
[13.391000] (-) TimerEvent: {}
[13.516000] (-) TimerEvent: {}
[13.625000] (-) TimerEvent: {}
[13.734000] (-) TimerEvent: {}
[13.844000] (-) TimerEvent: {}
[13.953000] (-) TimerEvent: {}
[14.063000] (-) TimerEvent: {}
[14.172000] (-) TimerEvent: {}
[14.281000] (-) TimerEvent: {}
[14.391000] (-) TimerEvent: {}
[14.500000] (-) TimerEvent: {}
[14.609000] (-) TimerEvent: {}
[14.703000] (cpp_pubsub) StdoutLine: {'line': b'-- Found Python3: C:/Python38/python.exe (found version "3.8.3") found components: Interpreter\n'}
[14.719000] (-) TimerEvent: {}
[14.828000] (-) TimerEvent: {}
[14.906000] (cpp_pubsub) StdoutLine: {'line': b'-- Found ament_lint_auto: 0.12.11 (C:/dev/ros2_humble/share/ament_lint_auto/cmake)\n'}
[14.938000] (-) TimerEvent: {}
[15.047000] (-) TimerEvent: {}
[15.063000] (cpp_pubsub) StdoutLine: {'line': b"-- Added test 'cppcheck' to perform static code analysis on C / C++ code\n"}
[15.063000] (cpp_pubsub) StdoutLine: {'line': b'-- Configured cppcheck include dirs: \n'}
[15.063000] (cpp_pubsub) StdoutLine: {'line': b'-- Configured cppcheck exclude dirs and/or files: \n'}
[15.063000] (cpp_pubsub) StdoutLine: {'line': b"-- Added test 'lint_cmake' to check CMake code style\n"}
[15.078000] (cpp_pubsub) StdoutLine: {'line': b"-- Added test 'uncrustify' to check C / C++ code style\n"}
[15.078000] (cpp_pubsub) StdoutLine: {'line': b'-- Configured uncrustify additional arguments: \n'}
[15.078000] (cpp_pubsub) StdoutLine: {'line': b"-- Added test 'xmllint' to check XML markup files\n"}
[15.109000] (cpp_pubsub) StdoutLine: {'line': b'-- Configuring done (15.0s)\n'}
[15.156000] (-) TimerEvent: {}
[15.172000] (cpp_pubsub) StdoutLine: {'line': b'-- Generating done (0.1s)\n'}
[15.188000] (cpp_pubsub) StdoutLine: {'line': b'-- Build files have been written to: C:/Users/Asus/Documents/Git/qlmRos2_homework/build/cpp_pubsub\n'}
[15.203000] (cpp_pubsub) CommandEnded: {'returncode': 0}
[15.203000] (cpp_pubsub) JobProgress: {'identifier': 'cpp_pubsub', 'progress': 'build'}
[15.203000] (cpp_pubsub) Command: {'cmd': ['C:\\Program Files\\CMake\\bin\\cmake.EXE', '--build', 'C:\\Users\\Asus\\Documents\\Git\\qlmRos2_homework\\build\\cpp_pubsub', '--config', 'Release'], 'cwd': 'C:\\Users\\Asus\\Documents\\Git\\qlmRos2_homework\\build\\cpp_pubsub', 'env': {'ACSetupSvcPort': '23210', 'ACSvcPort': '17532', 'ALLUSERSPROFILE': 'C:\\ProgramData', 'AMENT_PREFIX_PATH': 'C:\\Users\\Asus\\Documents\\Git\\qlmRos2_homework\\install\\nodes;C:\\dev\\ros2_humble', 'APPDATA': 'C:\\Users\\Asus\\AppData\\Roaming', 'ChocolateyInstall': 'C:\\ProgramData\\chocolatey', 'ChocolateyLastPathUpdate': '133729715370722064', 'CMAKE_PREFIX_PATH': 'C:\\Users\\Asus\\Documents\\Git\\qlmRos2_homework\\install;C:\\Users\\Asus\\Documents\\Git\\qlmRos2_homework\\install\\nodes;C:\\dev\\ros2_humble', 'COLCON': '1', 'COLCON_PREFIX_PATH': 'C:\\Users\\Asus\\Documents\\Git\\qlmRos2_homework\\install\\;C:\\dev\\ros2_humble\\', 'CommandPromptType': 'Native', 'CommonProgramFiles': 'C:\\Program Files\\Common Files', 'CommonProgramFiles(x86)': 'C:\\Program Files (x86)\\Common Files', 'CommonProgramW6432': 'C:\\Program Files\\Common Files', 'COMPUTERNAME': 'DESKTOP-IT0HKPR', 'ComSpec': 'C:\\Windows\\system32\\cmd.exe', 'DevEnvDir': 'C:\\Program Files\\Microsoft Visual Studio\\2022\\Community\\Common7\\IDE\\', 'DriverData': 'C:\\Windows\\System32\\Drivers\\DriverData', 'ExtensionSdkDir': 'C:\\Program Files (x86)\\Microsoft SDKs\\Windows Kits\\10\\ExtensionSDKs', 'EXTERNAL_INCLUDE': 'C:\\Program Files\\Microsoft Visual Studio\\2022\\Community\\VC\\Tools\\MSVC\\14.41.34120\\include;C:\\Program Files\\Microsoft Visual Studio\\2022\\Community\\VC\\Tools\\MSVC\\14.41.34120\\ATLMFC\\include;C:\\Program Files\\Microsoft Visual Studio\\2022\\Community\\VC\\Auxiliary\\VS\\include;C:\\Program Files (x86)\\Windows Kits\\10\\include\\10.0.19041.0\\ucrt;C:\\Program Files (x86)\\Windows Kits\\10\\\\include\\10.0.19041.0\\\\um;C:\\Program Files (x86)\\Windows Kits\\10\\\\include\\10.0.19041.0\\\\shared;C:\\Program Files (x86)\\Windows Kits\\10\\\\include\\10.0.19041.0\\\\winrt;C:\\Program Files (x86)\\Windows Kits\\10\\\\include\\10.0.19041.0\\\\cppwinrt;C:\\Program Files (x86)\\Windows Kits\\NETFXSDK\\4.8\\include\\um', 'Framework40Version': 'v4.0', 'FrameworkDir': 'C:\\Windows\\Microsoft.NET\\Framework\\', 'FrameworkDir32': 'C:\\Windows\\Microsoft.NET\\Framework\\', 'FrameworkVersion': 'v4.0.30319', 'FrameworkVersion32': 'v4.0.30319', 'FSHARPINSTALLDIR': 'C:\\Program Files\\Microsoft Visual Studio\\2022\\Community\\Common7\\IDE\\CommonExtensions\\Microsoft\\FSharp\\Tools', 'HOMEDRIVE': 'C:', 'HOMEPATH': '\\Users\\Asus', 'INCLUDE': 'C:\\Program Files\\Microsoft Visual Studio\\2022\\Community\\VC\\Tools\\MSVC\\14.41.34120\\include;C:\\Program Files\\Microsoft Visual Studio\\2022\\Community\\VC\\Tools\\MSVC\\14.41.34120\\ATLMFC\\include;C:\\Program Files\\Microsoft Visual Studio\\2022\\Community\\VC\\Auxiliary\\VS\\include;C:\\Program Files (x86)\\Windows Kits\\10\\include\\10.0.19041.0\\ucrt;C:\\Program Files (x86)\\Windows Kits\\10\\\\include\\10.0.19041.0\\\\um;C:\\Program Files (x86)\\Windows Kits\\10\\\\include\\10.0.19041.0\\\\shared;C:\\Program Files (x86)\\Windows Kits\\10\\\\include\\10.0.19041.0\\\\winrt;C:\\Program Files (x86)\\Windows Kits\\10\\\\include\\10.0.19041.0\\\\cppwinrt;C:\\Program Files (x86)\\Windows Kits\\NETFXSDK\\4.8\\include\\um', 'LIB': 'C:\\Program Files\\Microsoft Visual Studio\\2022\\Community\\VC\\Tools\\MSVC\\14.41.34120\\ATLMFC\\lib\\x86;C:\\Program Files\\Microsoft Visual Studio\\2022\\Community\\VC\\Tools\\MSVC\\14.41.34120\\lib\\x86;C:\\Program Files (x86)\\Windows Kits\\NETFXSDK\\4.8\\lib\\um\\x86;C:\\Program Files (x86)\\Windows Kits\\10\\lib\\10.0.19041.0\\ucrt\\x86;C:\\Program Files (x86)\\Windows Kits\\10\\\\lib\\10.0.19041.0\\\\um\\x86', 'LIBPATH': 'C:\\Program Files\\Microsoft Visual Studio\\2022\\Community\\VC\\Tools\\MSVC\\14.41.34120\\ATLMFC\\lib\\x86;C:\\Program Files\\Microsoft Visual Studio\\2022\\Community\\VC\\Tools\\MSVC\\14.41.34120\\lib\\x86;C:\\Program Files\\Microsoft Visual Studio\\2022\\Community\\VC\\Tools\\MSVC\\14.41.34120\\lib\\x86\\store\\references;C:\\Program Files (x86)\\Windows Kits\\10\\UnionMetadata\\10.0.19041.0;C:\\Program Files (x86)\\Windows Kits\\10\\References\\10.0.19041.0;C:\\Windows\\Microsoft.NET\\Framework\\v4.0.30319', 'LOCALAPPDATA': 'C:\\Users\\Asus\\AppData\\Local', 'LOGONSERVER': '\\\\DESKTOP-IT0HKPR', 'NETFXSDKDir': 'C:\\Program Files (x86)\\Windows Kits\\NETFXSDK\\4.8\\', 'NUMBER_OF_PROCESSORS': '16', 'OMP_NUM_THREADS': '16', 'OneDrive': 'C:\\Users\\Asus\\OneDrive', 'OpenCV_DIR': 'C:\\opencv', 'OPENSSL_CONF': 'C:\\Program Files\\OpenSSL-Win64\\bin\\openssl.cfg', 'OS': 'Windows_NT', 'Path': 'C:\\dev\\ros2_humble\\opt\\yaml_cpp_vendor\\bin;C:\\dev\\ros2_humble\\opt\\rviz_ogre_vendor\\bin;C:\\dev\\ros2_humble\\opt\\rviz_assimp_vendor\\bin;C:\\dev\\ros2_humble\\opt\\libcurl_vendor\\bin;C:\\dev\\ros2_humble\\Scripts;C:\\dev\\ros2_humble\\bin;C:\\Program Files\\Microsoft Visual Studio\\2022\\Community\\VC\\Tools\\MSVC\\14.41.34120\\bin\\HostX86\\x86;C:\\Program Files\\Microsoft Visual Studio\\2022\\Community\\Common7\\IDE\\VC\\VCPackages;C:\\Program Files\\Microsoft Visual Studio\\2022\\Community\\Common7\\IDE\\CommonExtensions\\Microsoft\\TestWindow;C:\\Program Files\\Microsoft Visual Studio\\2022\\Community\\Common7\\IDE\\CommonExtensions\\Microsoft\\TeamFoundation\\Team Explorer;C:\\Program Files\\Microsoft Visual Studio\\2022\\Community\\MSBuild\\Current\\bin\\Roslyn;C:\\Program Files (x86)\\Microsoft SDKs\\Windows\\v10.0A\\bin\\NETFX 4.8 Tools\\;C:\\Program Files\\Microsoft Visual Studio\\2022\\Community\\Common7\\IDE\\CommonExtensions\\Microsoft\\FSharp\\Tools;C:\\Program Files\\Microsoft Visual Studio\\2022\\Community\\Team Tools\\DiagnosticsHub\\Collector;C:\\Program Files (x86)\\Windows Kits\\10\\bin\\10.0.19041.0\\\\x86;C:\\Program Files (x86)\\Windows Kits\\10\\bin\\\\x86;C:\\Program Files\\Microsoft Visual Studio\\2022\\Community\\\\MSBuild\\Current\\Bin\\amd64;C:\\Windows\\Microsoft.NET\\Framework\\v4.0.30319;C:\\Program Files\\Microsoft Visual Studio\\2022\\Community\\Common7\\IDE\\;C:\\Program Files\\Microsoft Visual Studio\\2022\\Community\\Common7\\Tools\\;C:\\Python38\\Scripts\\;C:\\Python38\\;C:\\Windows\\system32;C:\\Windows;C:\\Windows\\System32\\Wbem;C:\\Windows\\System32\\WindowsPowerShell\\v1.0\\;C:\\Windows\\System32\\OpenSSH\\;C:\\Program Files\\NVIDIA Corporation\\NVIDIA NvDLISR;C:\\Program Files (x86)\\NVIDIA Corporation\\PhysX\\Common;C:\\Program Files\\dotnet\\;C:\\Program Files\\Microsoft SQL Server\\150\\Tools\\Binn\\;C:\\Program Files\\Microsoft SQL Server\\Client SDK\\ODBC\\170\\Tools\\Binn\\;C:\\Program Files\\Microsoft SQL Server\\120\\Tools\\Binn\\;C:\\ProgramData\\chocolatey\\bin;C:\\Program Files\\CMake\\bin;C:\\ProgramData\\chocolatey\\lib\\tinyxml2\\lib;C:\\ProgramData\\chocolatey\\lib\\bullet\\lib;C:\\ProgramData\\chocolatey\\lib\\cunit\\lib;C:\\Program Files\\Graphviz\\bin;C:\\Program Files\\Cppcheck;C:\\Program Files\\Git\\cmd;C:\\Program Files\\OpenSSL-Win64\\bin\\;C:\\Users\\Asus\\AppData\\Local\\Programs\\Python\\Launcher\\;C:\\Users\\Asus\\AppData\\Local\\Microsoft\\WindowsApps;C:\\Users\\Asus\\AppData\\Local\\GitHubDesktop\\bin;C:\\Program Files\\OpenSSL-Win64\\bin;C:\\Users\\Asus\\.dotnet\\tools;C:\\Users\\Asus\\AppData\\Local\\Programs\\Microsoft VS Code\\bin;C:\\Program Files\\Microsoft Visual Studio\\2022\\Community\\Common7\\IDE\\VC\\Linux\\bin\\ConnectionManagerExe', 'PATHEXT': '.COM;.EXE;.BAT;.CMD;.VBS;.VBE;.JS;.JSE;.WSF;.WSH;.MSC;.PY;.PYW', 'PKG_CONFIG_PATH': 'C:\\dev\\ros2_humble\\lib\\pkgconfig', 'PROCESSOR_ARCHITECTURE': 'AMD64', 'PROCESSOR_IDENTIFIER': 'AMD64 Family 25 Model 68 Stepping 1, AuthenticAMD', 'PROCESSOR_LEVEL': '25', 'PROCESSOR_REVISION': '4401', 'ProgramData': 'C:\\ProgramData', 'ProgramFiles': 'C:\\Program Files', 'ProgramFiles(x86)': 'C:\\Program Files (x86)', 'ProgramW6432': 'C:\\Program Files', 'PROMPT': '$P$G', 'PSModulePath': 'C:\\Program Files\\WindowsPowerShell\\Modules;C:\\Windows\\system32\\WindowsPowerShell\\v1.0\\Modules', 'PUBLIC': 'C:\\Users\\Public', 'PYTHONPATH': 'C:\\ci\\ws\\install\\lib\\python3.8\\dist-packages;C:\\dev\\ros2_humble\\Lib\\site-packages', 'RlsSvcPort': '22112', 'ROS_DISTRO': 'humble', 'ROS_LOCALHOST_ONLY': '0', 'ROS_PYTHON_VERSION': '3', 'ROS_VERSION': '2', 'SESSIONNAME': 'Console', 'SystemDrive': 'C:', 'SystemRoot': 'C:\\Windows', 'TEMP': 'C:\\Users\\Asus\\AppData\\Local\\Temp', 'TMP': 'C:\\Users\\Asus\\AppData\\Local\\Temp', 'UCRTVersion': '10.0.19041.0', 'UniversalCRTSdkDir': 'C:\\Program Files (x86)\\Windows Kits\\10\\', 'USERDOMAIN': 'DESKTOP-IT0HKPR', 'USERDOMAIN_ROAMINGPROFILE': 'DESKTOP-IT0HKPR', 'USERNAME': 'Asus', 'USERPROFILE': 'C:\\Users\\Asus', 'VCIDEInstallDir': 'C:\\Program Files\\Microsoft Visual Studio\\2022\\Community\\Common7\\IDE\\VC\\', 'VCINSTALLDIR': 'C:\\Program Files\\Microsoft Visual Studio\\2022\\Community\\VC\\', 'VCToolsInstallDir': 'C:\\Program Files\\Microsoft Visual Studio\\2022\\Community\\VC\\Tools\\MSVC\\14.41.34120\\', 'VCToolsRedistDir': 'C:\\Program Files\\Microsoft Visual Studio\\2022\\Community\\VC\\Redist\\MSVC\\14.40.33807\\', 'VCToolsVersion': '14.41.34120', 'VisualStudioVersion': '17.0', 'VS170COMNTOOLS': 'C:\\Program Files\\Microsoft Visual Studio\\2022\\Community\\Common7\\Tools\\', 'VSCMD_ARG_app_plat': 'Desktop', 'VSCMD_ARG_HOST_ARCH': 'x86', 'VSCMD_ARG_TGT_ARCH': 'x86', 'VSCMD_VER': '17.11.4', 'VSINSTALLDIR': 'C:\\Program Files\\Microsoft Visual Studio\\2022\\Community\\', 'VSSDK150INSTALL': 'C:\\Program Files\\Microsoft Visual Studio\\2022\\Community\\VSSDK', 'VSSDKINSTALL': 'C:\\Program Files\\Microsoft Visual Studio\\2022\\Community\\VSSDK', 'windir': 'C:\\Windows', 'WindowsLibPath': 'C:\\Program Files (x86)\\Windows Kits\\10\\UnionMetadata\\10.0.19041.0;C:\\Program Files (x86)\\Windows Kits\\10\\References\\10.0.19041.0', 'WindowsSdkBinPath': 'C:\\Program Files (x86)\\Windows Kits\\10\\bin\\', 'WindowsSdkDir': 'C:\\Program Files (x86)\\Windows Kits\\10\\', 'WindowsSDKLibVersion': '10.0.19041.0\\', 'WindowsSdkVerBinPath': 'C:\\Program Files (x86)\\Windows Kits\\10\\bin\\10.0.19041.0\\', 'WindowsSDKVersion': '10.0.19041.0\\', 'WindowsSDK_ExecutablePath_x64': 'C:\\Program Files (x86)\\Microsoft SDKs\\Windows\\v10.0A\\bin\\NETFX 4.8 Tools\\x64\\', 'WindowsSDK_ExecutablePath_x86': 'C:\\Program Files (x86)\\Microsoft SDKs\\Windows\\v10.0A\\bin\\NETFX 4.8 Tools\\', '__DOTNET_ADD_32BIT': '1', '__DOTNET_PREFERRED_BITNESS': '32', '__VSCMD_PREINIT_PATH': 'C:\\Python38\\Scripts\\;C:\\Python38\\;C:\\Windows\\system32;C:\\Windows;C:\\Windows\\System32\\Wbem;C:\\Windows\\System32\\WindowsPowerShell\\v1.0\\;C:\\Windows\\System32\\OpenSSH\\;C:\\Program Files\\NVIDIA Corporation\\NVIDIA NvDLISR;C:\\Program Files (x86)\\NVIDIA Corporation\\PhysX\\Common;C:\\Program Files\\dotnet\\;C:\\Program Files\\Microsoft SQL Server\\150\\Tools\\Binn\\;C:\\Program Files\\Microsoft SQL Server\\Client SDK\\ODBC\\170\\Tools\\Binn\\;C:\\Program Files\\Microsoft SQL Server\\120\\Tools\\Binn\\;C:\\ProgramData\\chocolatey\\bin;C:\\Program Files\\CMake\\bin;C:\\ProgramData\\chocolatey\\lib\\tinyxml2\\lib;C:\\ProgramData\\chocolatey\\lib\\bullet\\lib;C:\\ProgramData\\chocolatey\\lib\\cunit\\lib;C:\\Program Files\\Graphviz\\bin;C:\\Program Files\\Cppcheck;C:\\Program Files\\Git\\cmd;C:\\Program Files\\OpenSSL-Win64\\bin\\;C:\\Users\\Asus\\AppData\\Local\\Programs\\Python\\Launcher\\;C:\\Users\\Asus\\AppData\\Local\\Microsoft\\WindowsApps;C:\\Users\\Asus\\AppData\\Local\\GitHubDesktop\\bin;C:\\Program Files\\OpenSSL-Win64\\bin;C:\\Users\\Asus\\.dotnet\\tools;C:\\Users\\Asus\\AppData\\Local\\Programs\\Microsoft VS Code\\bin', 'CL': '/MP'}, 'shell': False}
[15.266000] (-) TimerEvent: {}
[15.344000] (cpp_pubsub) StdoutLine: {'line': b'MSBuild version 17.11.9+a69bbaaf5 for .NET Framework\r\n'}
[15.375000] (-) TimerEvent: {}
[15.484000] (-) TimerEvent: {}
[15.594000] (-) TimerEvent: {}
[15.656000] (cpp_pubsub) StdoutLine: {'line': b'\r\n'}
[15.703000] (-) TimerEvent: {}
[15.813000] (-) TimerEvent: {}
[15.922000] (-) TimerEvent: {}
[16.031000] (-) TimerEvent: {}
[16.141000] (-) TimerEvent: {}
[16.250000] (-) TimerEvent: {}
[16.359000] (-) TimerEvent: {}
[16.469000] (-) TimerEvent: {}
[16.578000] (-) TimerEvent: {}
[16.688000] (-) TimerEvent: {}
[16.813000] (-) TimerEvent: {}
[16.844000] (cpp_pubsub) StdoutLine: {'line': b'  1>Checking Build System\r\n'}
[16.922000] (-) TimerEvent: {}
[17.000000] (cpp_pubsub) StdoutLine: {'line': b'  Building Custom Rule C:/Users/Asus/Documents/Git/qlmRos2_homework/src/cpp_pubsub/CMakeLists.txt\r\n'}
[17.047000] (-) TimerEvent: {}
[17.109000] (cpp_pubsub) CommandEnded: {'returncode': 0}
[17.109000] (cpp_pubsub) JobProgress: {'identifier': 'cpp_pubsub', 'progress': 'install'}
[17.141000] (cpp_pubsub) Command: {'cmd': ['C:\\Program Files\\CMake\\bin\\cmake.EXE', '--install', 'C:\\Users\\Asus\\Documents\\Git\\qlmRos2_homework\\build\\cpp_pubsub', '--config', 'Release'], 'cwd': 'C:\\Users\\Asus\\Documents\\Git\\qlmRos2_homework\\build\\cpp_pubsub', 'env': OrderedDict([('ACSetupSvcPort', '23210'), ('ACSvcPort', '17532'), ('ALLUSERSPROFILE', 'C:\\ProgramData'), ('AMENT_PREFIX_PATH', 'C:\\Users\\Asus\\Documents\\Git\\qlmRos2_homework\\install\\nodes;C:\\dev\\ros2_humble'), ('APPDATA', 'C:\\Users\\Asus\\AppData\\Roaming'), ('ChocolateyInstall', 'C:\\ProgramData\\chocolatey'), ('ChocolateyLastPathUpdate', '133729715370722064'), ('CMAKE_PREFIX_PATH', 'C:\\Users\\Asus\\Documents\\Git\\qlmRos2_homework\\install;C:\\Users\\Asus\\Documents\\Git\\qlmRos2_homework\\install\\nodes;C:\\dev\\ros2_humble'), ('COLCON', '1'), ('COLCON_PREFIX_PATH', 'C:\\Users\\Asus\\Documents\\Git\\qlmRos2_homework\\install\\;C:\\dev\\ros2_humble\\'), ('CommandPromptType', 'Native'), ('CommonProgramFiles', 'C:\\Program Files\\Common Files'), ('CommonProgramFiles(x86)', 'C:\\Program Files (x86)\\Common Files'), ('CommonProgramW6432', 'C:\\Program Files\\Common Files'), ('COMPUTERNAME', 'DESKTOP-IT0HKPR'), ('ComSpec', 'C:\\Windows\\system32\\cmd.exe'), ('DevEnvDir', 'C:\\Program Files\\Microsoft Visual Studio\\2022\\Community\\Common7\\IDE\\'), ('DriverData', 'C:\\Windows\\System32\\Drivers\\DriverData'), ('ExtensionSdkDir', 'C:\\Program Files (x86)\\Microsoft SDKs\\Windows Kits\\10\\ExtensionSDKs'), ('EXTERNAL_INCLUDE', 'C:\\Program Files\\Microsoft Visual Studio\\2022\\Community\\VC\\Tools\\MSVC\\14.41.34120\\include;C:\\Program Files\\Microsoft Visual Studio\\2022\\Community\\VC\\Tools\\MSVC\\14.41.34120\\ATLMFC\\include;C:\\Program Files\\Microsoft Visual Studio\\2022\\Community\\VC\\Auxiliary\\VS\\include;C:\\Program Files (x86)\\Windows Kits\\10\\include\\10.0.19041.0\\ucrt;C:\\Program Files (x86)\\Windows Kits\\10\\\\include\\10.0.19041.0\\\\um;C:\\Program Files (x86)\\Windows Kits\\10\\\\include\\10.0.19041.0\\\\shared;C:\\Program Files (x86)\\Windows Kits\\10\\\\include\\10.0.19041.0\\\\winrt;C:\\Program Files (x86)\\Windows Kits\\10\\\\include\\10.0.19041.0\\\\cppwinrt;C:\\Program Files (x86)\\Windows Kits\\NETFXSDK\\4.8\\include\\um'), ('Framework40Version', 'v4.0'), ('FrameworkDir', 'C:\\Windows\\Microsoft.NET\\Framework\\'), ('FrameworkDir32', 'C:\\Windows\\Microsoft.NET\\Framework\\'), ('FrameworkVersion', 'v4.0.30319'), ('FrameworkVersion32', 'v4.0.30319'), ('FSHARPINSTALLDIR', 'C:\\Program Files\\Microsoft Visual Studio\\2022\\Community\\Common7\\IDE\\CommonExtensions\\Microsoft\\FSharp\\Tools'), ('HOMEDRIVE', 'C:'), ('HOMEPATH', '\\Users\\Asus'), ('INCLUDE', 'C:\\Program Files\\Microsoft Visual Studio\\2022\\Community\\VC\\Tools\\MSVC\\14.41.34120\\include;C:\\Program Files\\Microsoft Visual Studio\\2022\\Community\\VC\\Tools\\MSVC\\14.41.34120\\ATLMFC\\include;C:\\Program Files\\Microsoft Visual Studio\\2022\\Community\\VC\\Auxiliary\\VS\\include;C:\\Program Files (x86)\\Windows Kits\\10\\include\\10.0.19041.0\\ucrt;C:\\Program Files (x86)\\Windows Kits\\10\\\\include\\10.0.19041.0\\\\um;C:\\Program Files (x86)\\Windows Kits\\10\\\\include\\10.0.19041.0\\\\shared;C:\\Program Files (x86)\\Windows Kits\\10\\\\include\\10.0.19041.0\\\\winrt;C:\\Program Files (x86)\\Windows Kits\\10\\\\include\\10.0.19041.0\\\\cppwinrt;C:\\Program Files (x86)\\Windows Kits\\NETFXSDK\\4.8\\include\\um'), ('LIB', 'C:\\Program Files\\Microsoft Visual Studio\\2022\\Community\\VC\\Tools\\MSVC\\14.41.34120\\ATLMFC\\lib\\x86;C:\\Program Files\\Microsoft Visual Studio\\2022\\Community\\VC\\Tools\\MSVC\\14.41.34120\\lib\\x86;C:\\Program Files (x86)\\Windows Kits\\NETFXSDK\\4.8\\lib\\um\\x86;C:\\Program Files (x86)\\Windows Kits\\10\\lib\\10.0.19041.0\\ucrt\\x86;C:\\Program Files (x86)\\Windows Kits\\10\\\\lib\\10.0.19041.0\\\\um\\x86'), ('LIBPATH', 'C:\\Program Files\\Microsoft Visual Studio\\2022\\Community\\VC\\Tools\\MSVC\\14.41.34120\\ATLMFC\\lib\\x86;C:\\Program Files\\Microsoft Visual Studio\\2022\\Community\\VC\\Tools\\MSVC\\14.41.34120\\lib\\x86;C:\\Program Files\\Microsoft Visual Studio\\2022\\Community\\VC\\Tools\\MSVC\\14.41.34120\\lib\\x86\\store\\references;C:\\Program Files (x86)\\Windows Kits\\10\\UnionMetadata\\10.0.19041.0;C:\\Program Files (x86)\\Windows Kits\\10\\References\\10.0.19041.0;C:\\Windows\\Microsoft.NET\\Framework\\v4.0.30319'), ('LOCALAPPDATA', 'C:\\Users\\Asus\\AppData\\Local'), ('LOGONSERVER', '\\\\DESKTOP-IT0HKPR'), ('NETFXSDKDir', 'C:\\Program Files (x86)\\Windows Kits\\NETFXSDK\\4.8\\'), ('NUMBER_OF_PROCESSORS', '16'), ('OMP_NUM_THREADS', '16'), ('OneDrive', 'C:\\Users\\Asus\\OneDrive'), ('OpenCV_DIR', 'C:\\opencv'), ('OPENSSL_CONF', 'C:\\Program Files\\OpenSSL-Win64\\bin\\openssl.cfg'), ('OS', 'Windows_NT'), ('Path', 'C:\\dev\\ros2_humble\\opt\\yaml_cpp_vendor\\bin;C:\\dev\\ros2_humble\\opt\\rviz_ogre_vendor\\bin;C:\\dev\\ros2_humble\\opt\\rviz_assimp_vendor\\bin;C:\\dev\\ros2_humble\\opt\\libcurl_vendor\\bin;C:\\dev\\ros2_humble\\Scripts;C:\\dev\\ros2_humble\\bin;C:\\Program Files\\Microsoft Visual Studio\\2022\\Community\\VC\\Tools\\MSVC\\14.41.34120\\bin\\HostX86\\x86;C:\\Program Files\\Microsoft Visual Studio\\2022\\Community\\Common7\\IDE\\VC\\VCPackages;C:\\Program Files\\Microsoft Visual Studio\\2022\\Community\\Common7\\IDE\\CommonExtensions\\Microsoft\\TestWindow;C:\\Program Files\\Microsoft Visual Studio\\2022\\Community\\Common7\\IDE\\CommonExtensions\\Microsoft\\TeamFoundation\\Team Explorer;C:\\Program Files\\Microsoft Visual Studio\\2022\\Community\\MSBuild\\Current\\bin\\Roslyn;C:\\Program Files (x86)\\Microsoft SDKs\\Windows\\v10.0A\\bin\\NETFX 4.8 Tools\\;C:\\Program Files\\Microsoft Visual Studio\\2022\\Community\\Common7\\IDE\\CommonExtensions\\Microsoft\\FSharp\\Tools;C:\\Program Files\\Microsoft Visual Studio\\2022\\Community\\Team Tools\\DiagnosticsHub\\Collector;C:\\Program Files (x86)\\Windows Kits\\10\\bin\\10.0.19041.0\\\\x86;C:\\Program Files (x86)\\Windows Kits\\10\\bin\\\\x86;C:\\Program Files\\Microsoft Visual Studio\\2022\\Community\\\\MSBuild\\Current\\Bin\\amd64;C:\\Windows\\Microsoft.NET\\Framework\\v4.0.30319;C:\\Program Files\\Microsoft Visual Studio\\2022\\Community\\Common7\\IDE\\;C:\\Program Files\\Microsoft Visual Studio\\2022\\Community\\Common7\\Tools\\;C:\\Python38\\Scripts\\;C:\\Python38\\;C:\\Windows\\system32;C:\\Windows;C:\\Windows\\System32\\Wbem;C:\\Windows\\System32\\WindowsPowerShell\\v1.0\\;C:\\Windows\\System32\\OpenSSH\\;C:\\Program Files\\NVIDIA Corporation\\NVIDIA NvDLISR;C:\\Program Files (x86)\\NVIDIA Corporation\\PhysX\\Common;C:\\Program Files\\dotnet\\;C:\\Program Files\\Microsoft SQL Server\\150\\Tools\\Binn\\;C:\\Program Files\\Microsoft SQL Server\\Client SDK\\ODBC\\170\\Tools\\Binn\\;C:\\Program Files\\Microsoft SQL Server\\120\\Tools\\Binn\\;C:\\ProgramData\\chocolatey\\bin;C:\\Program Files\\CMake\\bin;C:\\ProgramData\\chocolatey\\lib\\tinyxml2\\lib;C:\\ProgramData\\chocolatey\\lib\\bullet\\lib;C:\\ProgramData\\chocolatey\\lib\\cunit\\lib;C:\\Program Files\\Graphviz\\bin;C:\\Program Files\\Cppcheck;C:\\Program Files\\Git\\cmd;C:\\Program Files\\OpenSSL-Win64\\bin\\;C:\\Users\\Asus\\AppData\\Local\\Programs\\Python\\Launcher\\;C:\\Users\\Asus\\AppData\\Local\\Microsoft\\WindowsApps;C:\\Users\\Asus\\AppData\\Local\\GitHubDesktop\\bin;C:\\Program Files\\OpenSSL-Win64\\bin;C:\\Users\\Asus\\.dotnet\\tools;C:\\Users\\Asus\\AppData\\Local\\Programs\\Microsoft VS Code\\bin;C:\\Program Files\\Microsoft Visual Studio\\2022\\Community\\Common7\\IDE\\VC\\Linux\\bin\\ConnectionManagerExe'), ('PATHEXT', '.COM;.EXE;.BAT;.CMD;.VBS;.VBE;.JS;.JSE;.WSF;.WSH;.MSC;.PY;.PYW'), ('PKG_CONFIG_PATH', 'C:\\dev\\ros2_humble\\lib\\pkgconfig'), ('PROCESSOR_ARCHITECTURE', 'AMD64'), ('PROCESSOR_IDENTIFIER', 'AMD64 Family 25 Model 68 Stepping 1, AuthenticAMD'), ('PROCESSOR_LEVEL', '25'), ('PROCESSOR_REVISION', '4401'), ('ProgramData', 'C:\\ProgramData'), ('ProgramFiles', 'C:\\Program Files'), ('ProgramFiles(x86)', 'C:\\Program Files (x86)'), ('ProgramW6432', 'C:\\Program Files'), ('PROMPT', '$P$G'), ('PSModulePath', 'C:\\Program Files\\WindowsPowerShell\\Modules;C:\\Windows\\system32\\WindowsPowerShell\\v1.0\\Modules'), ('PUBLIC', 'C:\\Users\\Public'), ('PYTHONPATH', 'C:\\ci\\ws\\install\\lib\\python3.8\\dist-packages;C:\\dev\\ros2_humble\\Lib\\site-packages'), ('RlsSvcPort', '22112'), ('ROS_DISTRO', 'humble'), ('ROS_LOCALHOST_ONLY', '0'), ('ROS_PYTHON_VERSION', '3'), ('ROS_VERSION', '2'), ('SESSIONNAME', 'Console'), ('SystemDrive', 'C:'), ('SystemRoot', 'C:\\Windows'), ('TEMP', 'C:\\Users\\Asus\\AppData\\Local\\Temp'), ('TMP', 'C:\\Users\\Asus\\AppData\\Local\\Temp'), ('UCRTVersion', '10.0.19041.0'), ('UniversalCRTSdkDir', 'C:\\Program Files (x86)\\Windows Kits\\10\\'), ('USERDOMAIN', 'DESKTOP-IT0HKPR'), ('USERDOMAIN_ROAMINGPROFILE', 'DESKTOP-IT0HKPR'), ('USERNAME', 'Asus'), ('USERPROFILE', 'C:\\Users\\Asus'), ('VCIDEInstallDir', 'C:\\Program Files\\Microsoft Visual Studio\\2022\\Community\\Common7\\IDE\\VC\\'), ('VCINSTALLDIR', 'C:\\Program Files\\Microsoft Visual Studio\\2022\\Community\\VC\\'), ('VCToolsInstallDir', 'C:\\Program Files\\Microsoft Visual Studio\\2022\\Community\\VC\\Tools\\MSVC\\14.41.34120\\'), ('VCToolsRedistDir', 'C:\\Program Files\\Microsoft Visual Studio\\2022\\Community\\VC\\Redist\\MSVC\\14.40.33807\\'), ('VCToolsVersion', '14.41.34120'), ('VisualStudioVersion', '17.0'), ('VS170COMNTOOLS', 'C:\\Program Files\\Microsoft Visual Studio\\2022\\Community\\Common7\\Tools\\'), ('VSCMD_ARG_app_plat', 'Desktop'), ('VSCMD_ARG_HOST_ARCH', 'x86'), ('VSCMD_ARG_TGT_ARCH', 'x86'), ('VSCMD_VER', '17.11.4'), ('VSINSTALLDIR', 'C:\\Program Files\\Microsoft Visual Studio\\2022\\Community\\'), ('VSSDK150INSTALL', 'C:\\Program Files\\Microsoft Visual Studio\\2022\\Community\\VSSDK'), ('VSSDKINSTALL', 'C:\\Program Files\\Microsoft Visual Studio\\2022\\Community\\VSSDK'), ('windir', 'C:\\Windows'), ('WindowsLibPath', 'C:\\Program Files (x86)\\Windows Kits\\10\\UnionMetadata\\10.0.19041.0;C:\\Program Files (x86)\\Windows Kits\\10\\References\\10.0.19041.0'), ('WindowsSdkBinPath', 'C:\\Program Files (x86)\\Windows Kits\\10\\bin\\'), ('WindowsSdkDir', 'C:\\Program Files (x86)\\Windows Kits\\10\\'), ('WindowsSDKLibVersion', '10.0.19041.0\\'), ('WindowsSdkVerBinPath', 'C:\\Program Files (x86)\\Windows Kits\\10\\bin\\10.0.19041.0\\'), ('WindowsSDKVersion', '10.0.19041.0\\'), ('WindowsSDK_ExecutablePath_x64', 'C:\\Program Files (x86)\\Microsoft SDKs\\Windows\\v10.0A\\bin\\NETFX 4.8 Tools\\x64\\'), ('WindowsSDK_ExecutablePath_x86', 'C:\\Program Files (x86)\\Microsoft SDKs\\Windows\\v10.0A\\bin\\NETFX 4.8 Tools\\'), ('__DOTNET_ADD_32BIT', '1'), ('__DOTNET_PREFERRED_BITNESS', '32'), ('__VSCMD_PREINIT_PATH', 'C:\\Python38\\Scripts\\;C:\\Python38\\;C:\\Windows\\system32;C:\\Windows;C:\\Windows\\System32\\Wbem;C:\\Windows\\System32\\WindowsPowerShell\\v1.0\\;C:\\Windows\\System32\\OpenSSH\\;C:\\Program Files\\NVIDIA Corporation\\NVIDIA NvDLISR;C:\\Program Files (x86)\\NVIDIA Corporation\\PhysX\\Common;C:\\Program Files\\dotnet\\;C:\\Program Files\\Microsoft SQL Server\\150\\Tools\\Binn\\;C:\\Program Files\\Microsoft SQL Server\\Client SDK\\ODBC\\170\\Tools\\Binn\\;C:\\Program Files\\Microsoft SQL Server\\120\\Tools\\Binn\\;C:\\ProgramData\\chocolatey\\bin;C:\\Program Files\\CMake\\bin;C:\\ProgramData\\chocolatey\\lib\\tinyxml2\\lib;C:\\ProgramData\\chocolatey\\lib\\bullet\\lib;C:\\ProgramData\\chocolatey\\lib\\cunit\\lib;C:\\Program Files\\Graphviz\\bin;C:\\Program Files\\Cppcheck;C:\\Program Files\\Git\\cmd;C:\\Program Files\\OpenSSL-Win64\\bin\\;C:\\Users\\Asus\\AppData\\Local\\Programs\\Python\\Launcher\\;C:\\Users\\Asus\\AppData\\Local\\Microsoft\\WindowsApps;C:\\Users\\Asus\\AppData\\Local\\GitHubDesktop\\bin;C:\\Program Files\\OpenSSL-Win64\\bin;C:\\Users\\Asus\\.dotnet\\tools;C:\\Users\\Asus\\AppData\\Local\\Programs\\Microsoft VS Code\\bin')]), 'shell': False}
[17.156000] (cpp_pubsub) StdoutLine: {'line': b'-- Installing: C:/Users/Asus/Documents/Git/qlmRos2_homework/install/cpp_pubsub/share/ament_index/resource_index/package_run_dependencies/cpp_pubsub\n'}
[17.156000] (-) TimerEvent: {}
[17.156000] (cpp_pubsub) StdoutLine: {'line': b'-- Installing: C:/Users/Asus/Documents/Git/qlmRos2_homework/install/cpp_pubsub/share/ament_index/resource_index/parent_prefix_path/cpp_pubsub\n'}
[17.156000] (cpp_pubsub) StdoutLine: {'line': b'-- Installing: C:/Users/Asus/Documents/Git/qlmRos2_homework/install/cpp_pubsub/share/cpp_pubsub/environment/ament_prefix_path.bat\n'}
[17.156000] (cpp_pubsub) StdoutLine: {'line': b'-- Installing: C:/Users/Asus/Documents/Git/qlmRos2_homework/install/cpp_pubsub/share/cpp_pubsub/environment/ament_prefix_path.dsv\n'}
[17.156000] (cpp_pubsub) StdoutLine: {'line': b'-- Installing: C:/Users/Asus/Documents/Git/qlmRos2_homework/install/cpp_pubsub/share/cpp_pubsub/environment/path.bat\n'}
[17.156000] (cpp_pubsub) StdoutLine: {'line': b'-- Installing: C:/Users/Asus/Documents/Git/qlmRos2_homework/install/cpp_pubsub/share/cpp_pubsub/environment/path.dsv\n'}
[17.172000] (cpp_pubsub) StdoutLine: {'line': b'-- Installing: C:/Users/Asus/Documents/Git/qlmRos2_homework/install/cpp_pubsub/share/cpp_pubsub/local_setup.bat\n'}
[17.172000] (cpp_pubsub) StdoutLine: {'line': b'-- Installing: C:/Users/Asus/Documents/Git/qlmRos2_homework/install/cpp_pubsub/share/cpp_pubsub/local_setup.dsv\n'}
[17.172000] (cpp_pubsub) StdoutLine: {'line': b'-- Installing: C:/Users/Asus/Documents/Git/qlmRos2_homework/install/cpp_pubsub/share/cpp_pubsub/package.dsv\n'}
[17.172000] (cpp_pubsub) StdoutLine: {'line': b'-- Installing: C:/Users/Asus/Documents/Git/qlmRos2_homework/install/cpp_pubsub/share/ament_index/resource_index/packages/cpp_pubsub\n'}
[17.172000] (cpp_pubsub) StdoutLine: {'line': b'-- Installing: C:/Users/Asus/Documents/Git/qlmRos2_homework/install/cpp_pubsub/share/cpp_pubsub/cmake/cpp_pubsubConfig.cmake\n'}
[17.172000] (cpp_pubsub) StdoutLine: {'line': b'-- Installing: C:/Users/Asus/Documents/Git/qlmRos2_homework/install/cpp_pubsub/share/cpp_pubsub/cmake/cpp_pubsubConfig-version.cmake\n'}
[17.172000] (cpp_pubsub) StdoutLine: {'line': b'-- Installing: C:/Users/Asus/Documents/Git/qlmRos2_homework/install/cpp_pubsub/share/cpp_pubsub/package.xml\n'}
[17.172000] (cpp_pubsub) CommandEnded: {'returncode': 0}
[17.203000] (cpp_pubsub) JobEnded: {'identifier': 'cpp_pubsub', 'rc': 0}
[17.203000] (-) EventReactorShutdown: {}
