[0.125s] Invoking command in 'C:\Users\Asus\Documents\Git\qlmRos2_homework\build\cpp_pubsub': C:\Program Files\CMake\bin\cmake.EXE C:\Users\Asus\Documents\Git\qlmRos2_homework\src\cpp_pubsub -DCMAKE_INSTALL_PREFIX=C:\Users\Asus\Documents\Git\qlmRos2_homework\install\cpp_pubsub
[0.156s] -- Selecting Windows SDK version 10.0.19041.0 to target Windows 10.0.19045.
[0.188s] -- Found ament_cmake: 1.3.10 (C:/dev/ros2_humble/share/ament_cmake/cmake)
[4.656s] -- Found Python3: C:/Python38/python.exe (found version "3.8.3") found components: Interpreter
[4.859s] -- Found rclcpp: 16.0.10 (C:/dev/ros2_humble/share/rclcpp/cmake)
[4.984s] -- Found rosidl_generator_c: 3.1.5 (C:/dev/ros2_humble/share/rosidl_generator_c/cmake)
[5.000s] -- Found rosidl_adapter: 3.1.5 (C:/dev/ros2_humble/share/rosidl_adapter/cmake)
[5.031s] -- Found rosidl_generator_cpp: 3.1.5 (C:/dev/ros2_humble/share/rosidl_generator_cpp/cmake)
[5.078s] -- Using all available rosidl_typesupport_c: rosidl_typesupport_fastrtps_c;rosidl_typesupport_introspection_c
[5.141s] -- Using all available rosidl_typesupport_cpp: rosidl_typesupport_fastrtps_cpp;rosidl_typesupport_introspection_cpp
[5.313s] -- Found rmw_implementation_cmake: 6.1.2 (C:/dev/ros2_humble/share/rmw_implementation_cmake/cmake)
[5.313s] -- Found rmw_fastrtps_cpp: 6.2.7 (C:/dev/ros2_humble/share/rmw_fastrtps_cpp/cmake)
[5.563s] -- Found FastRTPS: C:/dev/ros2_humble/include
[5.594s] -- Using RMW implementation 'rmw_fastrtps_cpp' as default
[5.625s] -- Performing Test CMAKE_HAVE_LIBC_PTHREAD
[7.531s] -- Performing Test CMAKE_HAVE_LIBC_PTHREAD - Failed
[7.531s] -- Looking for pthread_create in pthreads
[9.391s] -- Looking for pthread_create in pthreads - not found
[9.391s] -- Looking for pthread_create in pthread
[11.234s] -- Looking for pthread_create in pthread - not found
[11.234s] -- Found Threads: TRUE
[11.344s] -- Found std_msgs: 4.2.4 (C:/dev/ros2_humble/share/std_msgs/cmake)
[11.391s] -- Found ament_lint_auto: 0.12.11 (C:/dev/ros2_humble/share/ament_lint_auto/cmake)
[11.563s] -- Added test 'cppcheck' to perform static code analysis on C / C++ code
[11.563s] -- Configured cppcheck include dirs: 
[11.563s] -- Configured cppcheck exclude dirs and/or files: 
[11.563s] -- Added test 'lint_cmake' to check CMake code style
[11.563s] -- Added test 'uncrustify' to check C / C++ code style
[11.563s] -- Configured uncrustify additional arguments: 
[11.578s] -- Added test 'xmllint' to check XML markup files
[11.594s] -- Configuring done (11.5s)
[11.859s] -- Generating done (0.3s)
[11.859s] -- Build files have been written to: C:/Users/Asus/Documents/Git/qlmRos2_homework/build/cpp_pubsub
[11.875s] Invoked command in 'C:\Users\Asus\Documents\Git\qlmRos2_homework\build\cpp_pubsub' returned '0': C:\Program Files\CMake\bin\cmake.EXE C:\Users\Asus\Documents\Git\qlmRos2_homework\src\cpp_pubsub -DCMAKE_INSTALL_PREFIX=C:\Users\Asus\Documents\Git\qlmRos2_homework\install\cpp_pubsub
[11.875s] Invoking command in 'C:\Users\Asus\Documents\Git\qlmRos2_homework\build\cpp_pubsub': CL=/MP C:\Program Files\CMake\bin\cmake.EXE --build C:\Users\Asus\Documents\Git\qlmRos2_homework\build\cpp_pubsub --config Release
[12.016s] MSBuild version 17.11.9+a69bbaaf5 for .NET Framework
[12.328s] 
[13.516s]   1>Checking Build System
[13.734s]   Building Custom Rule C:/Users/Asus/Documents/Git/qlmRos2_homework/src/cpp_pubsub/CMakeLists.txt
[13.922s]   subscriber_member_function.cpp
[20.359s]   listener.vcxproj -> C:\Users\Asus\Documents\Git\qlmRos2_homework\build\cpp_pubsub\Release\listener.exe
[20.438s]   Building Custom Rule C:/Users/Asus/Documents/Git/qlmRos2_homework/src/cpp_pubsub/CMakeLists.txt
[20.563s]   publisher_member_function.cpp
[25.125s]   talker.vcxproj -> C:\Users\Asus\Documents\Git\qlmRos2_homework\build\cpp_pubsub\Release\talker.exe
[25.188s]   Building Custom Rule C:/Users/Asus/Documents/Git/qlmRos2_homework/src/cpp_pubsub/CMakeLists.txt
[25.297s] Invoked command in 'C:\Users\Asus\Documents\Git\qlmRos2_homework\build\cpp_pubsub' returned '0': CL=/MP C:\Program Files\CMake\bin\cmake.EXE --build C:\Users\Asus\Documents\Git\qlmRos2_homework\build\cpp_pubsub --config Release
[25.328s] Invoking command in 'C:\Users\Asus\Documents\Git\qlmRos2_homework\build\cpp_pubsub': C:\Program Files\CMake\bin\cmake.EXE --install C:\Users\Asus\Documents\Git\qlmRos2_homework\build\cpp_pubsub --config Release
[25.344s] -- Installing: C:/Users/Asus/Documents/Git/qlmRos2_homework/install/cpp_pubsub/lib/cpp_pubsub/talker.exe
[25.344s] -- Installing: C:/Users/Asus/Documents/Git/qlmRos2_homework/install/cpp_pubsub/lib/cpp_pubsub/listener.exe
[25.344s] -- Installing: C:/Users/Asus/Documents/Git/qlmRos2_homework/install/cpp_pubsub/share/ament_index/resource_index/package_run_dependencies/cpp_pubsub
[25.344s] -- Installing: C:/Users/Asus/Documents/Git/qlmRos2_homework/install/cpp_pubsub/share/ament_index/resource_index/parent_prefix_path/cpp_pubsub
[25.344s] -- Installing: C:/Users/Asus/Documents/Git/qlmRos2_homework/install/cpp_pubsub/share/cpp_pubsub/environment/ament_prefix_path.bat
[25.344s] -- Installing: C:/Users/Asus/Documents/Git/qlmRos2_homework/install/cpp_pubsub/share/cpp_pubsub/environment/ament_prefix_path.dsv
[25.344s] -- Installing: C:/Users/Asus/Documents/Git/qlmRos2_homework/install/cpp_pubsub/share/cpp_pubsub/environment/path.bat
[25.359s] -- Installing: C:/Users/Asus/Documents/Git/qlmRos2_homework/install/cpp_pubsub/share/cpp_pubsub/environment/path.dsv
[25.359s] -- Installing: C:/Users/Asus/Documents/Git/qlmRos2_homework/install/cpp_pubsub/share/cpp_pubsub/local_setup.bat
[25.359s] -- Installing: C:/Users/Asus/Documents/Git/qlmRos2_homework/install/cpp_pubsub/share/cpp_pubsub/local_setup.dsv
[25.359s] -- Installing: C:/Users/Asus/Documents/Git/qlmRos2_homework/install/cpp_pubsub/share/cpp_pubsub/package.dsv
[25.359s] -- Installing: C:/Users/Asus/Documents/Git/qlmRos2_homework/install/cpp_pubsub/share/ament_index/resource_index/packages/cpp_pubsub
[25.359s] -- Installing: C:/Users/Asus/Documents/Git/qlmRos2_homework/install/cpp_pubsub/share/cpp_pubsub/cmake/cpp_pubsubConfig.cmake
[25.359s] -- Installing: C:/Users/Asus/Documents/Git/qlmRos2_homework/install/cpp_pubsub/share/cpp_pubsub/cmake/cpp_pubsubConfig-version.cmake
[25.359s] -- Installing: C:/Users/Asus/Documents/Git/qlmRos2_homework/install/cpp_pubsub/share/cpp_pubsub/package.xml
[25.375s] Invoked command in 'C:\Users\Asus\Documents\Git\qlmRos2_homework\build\cpp_pubsub' returned '0': C:\Program Files\CMake\bin\cmake.EXE --install C:\Users\Asus\Documents\Git\qlmRos2_homework\build\cpp_pubsub --config Release
